1615186042623	geckodriver	INFO	Listening on 127.0.0.1:14139
1615186045640	mozrunner::runner	INFO	Running command: "C:\\Program Files\\Mozilla Firefox\\firefox.exe" "--marionette" "-foreground" "-no-remote" "-profile" "C:\\Users\\vigne\\AppData\\Local\\Temp\\rust_mozprofiledivUyp"
console.warn: SearchSettings: "get: No settings file exists, new profile?" (new Error("", "(unknown module)"))
1615186050454	Marionette	INFO	Listening on port 14147
1615186050969	Marionette	WARN	TLS certificate errors will be ignored for this session
JavaScript error: resource://activity-stream/lib/ASRouter.jsm, line 988: NS_ERROR_ILLEGAL_VALUE: Component returned failure code: 0x80070057 (NS_ERROR_ILLEGAL_VALUE) [nsIObserverService.removeObserver]
1615186060291	Marionette	INFO	Stopped listening on port 14147

###!!! [Child][RunMessage] Error: Channel closing: too late to send/recv, messages will be lost

1615186305848	geckodriver	INFO	Listening on 127.0.0.1:14380
1615186308897	mozrunner::runner	INFO	Running command: "C:\\Program Files\\Mozilla Firefox\\firefox.exe" "--marionette" "-foreground" "-no-remote" "-profile" "C:\\Users\\vigne\\AppData\\Local\\Temp\\rust_mozprofileEzBLuR"
console.warn: SearchSettings: "get: No settings file exists, new profile?" (new Error("", "(unknown module)"))
1615186313451	Marionette	INFO	Listening on port 14388
1615186313721	Marionette	WARN	TLS certificate errors will be ignored for this session
1615186369902	Marionette	INFO	Stopped listening on port 14388

###!!! [Child][RunMessage] Error: Channel closing: too late to send/recv, messages will be lost

"--marionette" "-foreground" "-no-remote" "-profile" "C:\\Users\\vigne\\AppData\\Local\\Temp\\rust_mozprofileo2LD9e"
console.warn: SearchSettings: "get: No settings file exists, new profile?" (new Error("", "(unknown module)"))
1615186366340	Marionette	INFO	Listening on port 14530
1615186366793	Marionette	WARN	TLS certificate errors will be ignored for this session
JavaScript error: resource://activity-stream/lib/ASRouter.jsm, line 988: NS_ERROR_ILLEGAL_VALUE: Component returned failure code: 0x80070057 (NS_ERROR_ILLEGAL_VALUE) [nsIObserverService.removeObserver]

###!!! [Child][RunMessage] Error: Channel closing: too late to send/recv, messages will be lost

[Parent 11504, IPC I/O Parent] WARNING: file /builds/worker/checkouts/gecko/ipc/chromium/src/base/process_util_win.cc:167
1615186380290	Marionette	INFO	Stopped listening on port 14530

###!!! [Child][RunMessage] Error: Channel closing: too late to send/recv, messages will be lost

1615186415061	geckodriver	INFO	Listening on 127.0.0.1:14706
1615186418100	mozrunner::runner	INFO	Running command: "C:\\Program Files\\Mozilla Firefox\\firefox.exe" "--marionette" "-foreground" "-no-remote" "-profile" "C:\\Users\\vigne\\AppData\\Local\\Temp\\rust_mozprofileqctu88"
console.warn: SearchSettings: "get: No settings file exists, new profile?" (new Error("", "(unknown module)"))
1615186422497	Marionette	INFO	Listening on port 14716
1615186422921	Marionette	WARN	TLS certificate errors will be ignored for this session
1615186430361	Marionette	INFO	Stopped listening on port 14716
JavaScript error: resource://gre/modules/UrlClassifierListManager.jsm, line 691: TypeError: this.tablesData[table] is undefined

###!!! [Child][RunMessage] Error: Channel closing: too late to send/recv, messages will be lost

1615186516853	geckodriver	INFO	Listening on 127.0.0.1:14842
1615186519908	mozrunner::runner	INFO	Running command: "C:\\Program Files\\Mozilla Firefox\\firefox.exe" "--marionette" "-foreground" "-no-remote" "-profile" "C:\\Users\\vigne\\AppData\\Local\\Temp\\rust_mozprofileihvBzP"
console.warn: SearchSettings: "get: No settings file exists, new profile?" (new Error("", "(unknown module)"))
1615186524602	Marionette	INFO	Listening on port 14851
1615186524736	Marionette	WARN	TLS certificate errors will be ignored for this session
console.error: Region.jsm: "Error fetching region" (new Error("TIMEOUT", "resource://gre/modules/Region.jsm", 775))
console.error: Region.jsm: "Failed to fetch region" (new Error("TIMEOUT", "resource://gre/modules/Region.jsm", 422))
1615186538789	Marionette	INFO	Stopped listening on port 14851

###!!! [Child][RunMessage] Error: Channel closing: too late to send/recv, messages will be lost

1615186666322	geckodriver	INFO	Listening on 127.0.0.1:14930
1615186669368	mozrunner::runner	INFO	Running command: "C:\\Program Files\\Mozilla Firefox\\firefox.exe" "--marionette" "-foreground" "-no-remote" "-profile" "C:\\Users\\vigne\\AppData\\Local\\Temp\\rust_mozprofileetleQc"
console.warn: SearchSettings: "get: No settings file exists, new profile?" (new Error("", "(unknown module)"))
1615186673947	Marionette	INFO	Listening on port 14938
1615186674217	Marionette	WARN	TLS certificate errors will be ignored for this session
JavaScript error: resource://activity-stream/lib/ASRouter.jsm, line 988: NS_ERROR_ILLEGAL_VALUE: Component returned failure code: 0x80070057 (NS_ERROR_ILLEGAL_VALUE) [nsIObserverService.removeObserver]
1615186798088	Marionette	INFO	Stopped listening on port 14938

###!!! [Child][RunMessage] Error: Channel closing: too late to send/recv, messages will be lost

", "(unknown module)"))
1615186769299	Marionette	INFO	Listening on port 1134
1615186769669	Marionette	WARN	TLS certificate errors will be ignored for this session
JavaScript error: resource://activity-stream/lib/ASRouter.jsm, line 988: NS_ERROR_ILLEGAL_VALUE: Component returned failure code: 0x80070057 (NS_ERROR_ILLEGAL_VALUE) [nsIObserverService.removeObserver]
1615186797738	Marionette	INFO	Stopped listening on port 1134
1615186969211	geckodriver	INFO	Listening on 127.0.0.1:1327
1615186972251	mozrunner::runner	INFO	Running command: "C:\\Program Files\\Mozilla Firefox\\firefox.exe" "--marionette" "-foreground" "-no-remote" "-profile" "C:\\Users\\vigne\\AppData\\Local\\Temp\\rust_mozprofileDrs6px"
console.warn: SearchSettings: "get: No settings file exists, new profile?" (new Error("", "(unknown module)"))
1615186976701	Marionette	INFO	Listening on port 1335
1615186977104	Marionette	WARN	TLS certificate errors will be ignored for this session
JavaScript error: resource://activity-stream/lib/ASRouter.jsm, line 988: NS_ERROR_ILLEGAL_VALUE: Component returned failure code: 0x80070057 (NS_ERROR_ILLEGAL_VALUE) [nsIObserverService.removeObserver]
1615187105737	Marionette	INFO	Stopped listening on port 1331615187108187	mozrunner::runner	INFO	Running command: "C:\\Program Files\\Mozilla Firefox\\firefox.exe" "--marionette" "-foreground" "-no-remote" "-profile" "C:\\Users\\vigne\\AppData\\Local\\Temp\\rust_mozprofilemsU4pt"
console.warn: SearchSettings: "get: No settings file exists, new profile?" (new Error("", "(unknown module)"))
1615187112998	Marionette	INFO	Listening on port 1514
1615187113520	Marionette	WARN	TLS certificate errors will be ignored for this session
JavaScript error: resource://gre/modules/AsyncShutdown.jsm, line 716: Error: Phase "Sqlite.jsm: wait until all connections are closed" is finished, it is too late to register completion condition "protections.sqlite#0: waiting for shutdown"
1615187672927	Marionette	INFO	Stopped listening on port 1514

###!!! [Child][RunMessage] Error: Channel closing: too late to send/recv, messages will be lost

	Marionette	INFO	Listening on port 1699
1615187229820	Marionette	WARN	TLS certificate errors will be ignored for this session
JavaScript error: resource://activity-stream/lib/ASRouter.jsm, line 988: NS_ERROR_ILLEGAL_VALUE: Component returned failure code: 0x80070057 (NS_ERROR_ILLEGAL_VALUE) [nsIObserverService.removeObserver]
1615187673957	Marionette	INFO	Stopped listening on port 1699

###!!! [Child][RunMessage] Error: Channel closing: too late to send/recv, messages will be lost

"", "(unknown module)"))
1615187626981	Marionette	INFO	Listening on port 2264
1615187627055	Marionette	WARN	TLS certificate errors will be ignored for this session
JavaScript error: resource://activity-stream/lib/ASRouter.j1615187675221	mozrunner::runner	INFO	Running command: "C:\\Program Files\\Mozilla Firefox\\firefox.exe" "--marionette" "-foreground" "-no-remote" "-profile" "C:\\Users\\vigne\\AppData\\Local\\Temp\\rust_mozprofileki6FpC"
console.warn: SearchSettings: "get: No settings file exists, new profile?" (new Error("", "(unknown module)"))
1615187679514	Marionette	INFO	Listening on port 2422
1615187680029	Marionette	WARN	TLS certificate errors will be ignored for this session
JavaScript error: resource://activity-stream/lib/ASRouter.j1615187835232	mozrunner::runner	INFO	Running command: "C:\\Program Files\\Mozilla Firefox\\firefox.exe" "--marionette" "-foreground" "-no-remote" "-profile" "C:\\Users\\vigne\\AppData\\Local\\Temp\\rust_mozprofile2tMtDL"
console.warn: SearchSettings: "get: No settings file exists, new profile?" (new Error("", "(unknown module)"))
1615187839922	Marionette	INFO	Listening on port 2618
1615187840247	Marionette	WARN	TLS certificate errors will be ignored for this session
JavaScript error: resource://activity-stream/lib/ASRouter.jsm, line 988: NS_ERROR_ILLEGAL_VALUE: Component returned failure code: 0x80070057 (NS_ERROR_ILLEGAL_VALUE) [nsIObserverService.removeObserver]

###!!! [Child][RunMessage] Error: Channel closing: too late to send/recv, mconsole.warn: SearchSettings: "get: No settings file exists, new profile?" (new Error("", "(unknown module)"))
1615188044381	Marionette	INFO	Listening on port 2841
1615188044577	Marionette	WARN	TLS certificate errors will be ignored for this session
JavaScript error: resource://activity-stream/lib/ASRouter.jsm, line 988: NS_ERROR_ILLEGAL_VALUE: Component returned failure code: 0x80070057 (NS_ERROR_ILLEGAL_VALUE) [nsIObserverService.removeObserver]
1615188127687	Marionette	INFO	Stopped listening on port 2841

###!!! [Child][RunMessage] Error: Channel closing: too late to send/reconsole.warn: SearchSettings: "get: No settings file exists, new profile?" (new Error("", "(unknown module)"))
1615188129617	Marionette	INFO	Listening on port 3018
1615188129917	Marionette	WARN	TLS certificate errors will be ignored for this session
JavaScript error: resource://activity-stream/lib/ASRouter.jsm, line 988: NS_ERROR_ILLEGAL_VALUE: Component returned failure code: 0x80070057 (NS_ERROR_ILLEGAL_VALUE) [nsIObserverService.removeObserver]
1615188165195	Marionette	INFO	Stopped listening on port 3011615188167929	mozrunner::runner	INFO	Running command: "C:\\Program Files\\Mozilla Firefox\\firefox.exe" "--marionette" "-foreground" "-no-remote" "-profile" "C:\\Users\\vigne\\AppData\\Local\\Temp\\rust_mozprofilegZsCwx"
console.warn: SearchSettings: "get: No settings file exists, new profile?" (new Error("", "(unknown module)"))
1615188172497	Marionette	INFO	Listening on port 3161
1615188172765	Marionette	WARN	TLS certificate errors will be ignored for this session
JavaScript error: resource://activity-stream/lib/ASRouter.j1615188416325	mozrunner::runner	INFO	Running command: "C:\\Program Files\\Mozilla Firefox\\firefox.exe" "--marionette" "-foreground" "-no-remote" "-profile" "C:\\Users\\vigne\\AppData\\Local\\Temp\\rust_mozprofilewtTRnM"
console.warn: SearchSettings: "get: No settings file exists, new profile?" (new Error("", "(unknown module)"))
1615188420773	Marionette	INFO	Listening on port 3357
1615188421131	Marionette	WARN	TLS certificate errors will be ignored for this session
1615188698289	Marionette	INFO	Stopped listening on port 3357

###!!! [Child][RunMessage] Error: Channel closing: too late to send/recv, messages will be lost

NFO	Listening on 127.0.0.1:3520
1615188654555	mozrunner::runner	INFO	Running command: "C:\\Program Files\\Mozilla Firefox\\firefox.exe" "--marionette" "-foreground" "-no-remote" "-profile" "C:\\Users\\vigne\\AppData\\Local\\Temp\\rust_mozprofilei3sdor"
console.warn: SearchSettings: "get: No settings file exists, new profile?" (new Error("", "(unknown module)"))
1615188658992	Marionette	INFO	Listening on port 3536
1615188659363	Marionette	WARN	TLS certificate errors will be ignored for this session
JavaScript error: resource://activity-stream/lib/ASRouter.jsm, line 988: NS_ERROR_ILLEGAL_VALUE: Component returned failure code: 0x80070057 (NS_ERROR_ILLEGAL_VALUE) [nsIObserverService.removeObserver]

###!!! [Child][RunMessage] Error: Channel closing: too late to send/recv, messages will be lost

[Parent 764, IPC I/O Parent] WARNING: file /builds/worker/checkouts/gecko/ipc/chromium/src/base/process_util_win.cc:167
1615188699219	Marionette	INFO	Stopped listening on port 3536

###!!! [Child][RunMessage] Error: Channel clJavaScript error: resource://activity-stream/lib/ASRouter.jsm, line 988: NS_ERROR_ILLEGAL_VALUE: Component returned failure code: 0x80070057 (NS_ERROR_ILLEGAL_VALUE) [nsIObserverService.removeObserver]
1615189184169	Marionette	INFO	Stopped listening on port 3662

###!!! [Child][RunMessage] Error: Channel closing: too late to send/recv, messages will be lost

get: No settings file exists, new profile?" (new Error("", "(unknown module)"))
1615188813913	Marionette	INFO	Listening on port 3845
1615188814267	Marionette	WARN	TLS certificate errors will be ignored for this session
1615188819351	Marionette	INFO	Stopped listening on port 3845
JavaScript error: resource://activity-stream/lib/ASRouter.jsm, line 988: NS_ERROR_ILLEGAL_VALUE: Component returned failure code: 0x80070057 (NS_ERROR_ILLEGAL_VALUE) [nsIObserverService.removeObserver]
[Parent 380, IPC I/O Parent] WARNING: file /builds/worker/checkouts/gecko/ipc/chromium/src/base/process_util_win.cc:167

###!!! [Child][RunMessage] Error: Channel closing: too late to send/recv, messages will be lost

1615189108759	geckodriver	INFO	Listening on 127.0.0.1:3943
1615189111801	mozrunner::runner	INFO	Running command: "C:\\Program Files\\Mozilla Firefox\\firefox.exe" "--marionette" "-foreground" "-no-remote" "-profile" "C:\\Users\\vigne\\AppData\\Local\\Temp\\rust_mozprofilespsdJ2"
console.warn: SearchSettings: "get: No settings file exists, new profile?" (new Error("", "(unknown module)"))
1615189116002	Marionette	INFO	Listening on port 3952
1615189116127	Marionette	WARN	TLS certificate errors will be ignored for this session
1615189118292	Marionette	INFO	Stopped listening on port 3952
JavaScript error: resource://activity-stream/lib/ASRouter.jsm, line 988: NS_ERROR_ILLEGAL_VALUE: Component returned failure code: 0x80070057 (NS_ERROR_ILLEGAL_VALUE) [nsIObserverService.removeObserver]
console.warn: services.settings: main/message-groups sync interrupted by shutdown
console.log: "RemoteSettingsWorker error: Error: Can't import when we've started shutting down."
console.log: "RemoteSettingsWorker error: Error: Can't import when we've started shutting down."
console.log: "RemoteSettingsWorker error: Error: Can't import when we've started shutting down."
console.error: "Could not load engine google@search.mozilla.org: [Exception... \"AddonManager is not initialized\"  nsresult: \"0xc1f30001 (NS_ERROR_NOT_INITIALIZED)\"  location: \"JS frame :: resource://gre/modules/AddonManager.jsm :: installBuiltinAddon :: line 2550\"  data: no]"
console.error: "Could not load engine amazondotcom@search.mozilla.org: [Exception... \"AddonManager is not initialized\"  nsresult: \"0xc1f30001 (NS_ERROR_NOT_INITIALIZED)\"  location: \"JS frame :: resource://gre/modules/AddonManager.jsm :: installBuiltinAddon :: line 2550\"  data: no]"
console.error: "Could not load engine wikipedia@search.mozilla.org: [Exception... \"AddonManager is not initialized\"  nsresult: \"0xc1f30001 (NS_ERROR_NOT_INITIALIZED)\"  location: \"JS frame :: resource://gre/modules/AddonManager.jsm :: installBuiltinAddon :: line 2550\"  data: no]"
console.error: "Could not load engine bing@search.mozilla.org: [Exception... \"AddonManager is not initialized\"  nsresult: \"0xc1f30001 (NS_ERROR_NOT_INITIALIZED)\"  location: \"JS frame :: resource://gre/modules/AddonManager.jsm :: installBuiltinAddon :: line 2550\"  data: no]"
console.error: "Could not load engine ddg@search.mozilla.org: [Exception... \"AddonManager is not initialized\"  nsresult: \"0xc1f30001 (NS_ERROR_NOT_INITIALIZED)\"  location: \"JS frame :: resource://gre/modules/AddonManager.jsm :: installBuiltinAddon :: line 2550\"  data: no]"
console.warn: SearchService: "_init: abandoning init due to shutting down"
JavaScript error: resource://gre/modules/AsyncShutdown.jsm, line 573: uncaught exception: 2147500036
JavaScript error: resource://gre/modules/AsyncShutdown.jsm, line 573: uncaught exception: 2147500036
JavaScript error: resource://gre/modules/AsyncShutdown.jsm, line 573: uncaught exception: 2147500036
JavaScript error: resource://gre/modules/AsyncShutdown.jsm, line 573: uncaught exception: 2147500036
JavaScript error: resource://gre/modules/AsyncShutdown.jsm, line 573: uncaught exception: 2147500036
JavaScript error: resource://gre/modules/AsyncShutdown.jsm, line 573: uncaught exception: 2147500036
JavaScript error: resource://gre/modules/AsyncShutdown.jsm, line 573: uncaught exception: 2147500036
JavaScript error: resource://gre/modules/AsyncShutdown.jsm, line 573: uncaught exception: 2147500036
JavaScript error: resource://gre/modules/AsyncShutdown.jsm, line 573: uncaught exception: 2147500036

###!!! [Child][RunMessage] Error: Channel closing: too late to send/recv, messages will be lost

JavaScript error: resource:///modules/EveryWindow.jsm, line 37: NS_ERROR_UNEXPECTED: Component returned failure code: 0x8000ffff (NS_ERROR_UNEXPECTED) [nsIWindowMediator.getEnumerator]
JavaScript error: resource://gre/modules/CrashManager.jsm, line 831: NotAllowedError: Shutting down and refusing additional I/O tasks
1615199552993	geckodriver	INFO	Listening on 127.0.0.1:5286
1615199556026	mozrunner::runner	INFO	Running command: "C:\\Program Files\\Mozilla Firefox\\firefox.exe" "--marionette" "-foreground" "-no-remote" "-profile" "C:\\Users\\vigne\\AppData\\Local\\Temp\\rust_mozprofiley4lIBl"
console.warn: SearchSettings: "get: No settings file exists, new profile?" (new Error("", "(unknown module)"))
1615199561431	Marionette	INFO	Listening on port 5294
1615199561806	Marionette	WARN	TLS certificate errors will be ignored for this session
JavaScript error: resource://activity-stream/lib/ASRouter.j1615199630629	mozrunner::runner	INFO	Running command: "C:\\Program Files\\Mozilla Firefox\\firefox.exe" "--marionette" "-foreground" "-no-remote" "-profile" "C:\\Users\\vigne\\AppData\\Local\\Temp\\rust_mozprofile0I2jxr"
console.warn: SearchSettings: "get: No settings file exists, new profile?" (new Error("", "(unknown module)"))
1615199635658	Marionette	INFO	Listening on port 5468
1615199636096	Marionette	WARN	TLS certificate errors will be ignored for this session
1615199644552	Marionette	INFO	Stopped listening on port 5468
JavaScript error: resource://activity-stream/lib/ASRouter.jsm, line 988: NS_ERROR_ILLEGAL_VALUE: Component returned failure code: 0x80070057 (NS_ERROR_ILLEGAL_VALUE) [nsIObserverService.removeObserver]
JavaScript error: resource://gre/modules/AsyncShutdown.jsm, line 716: Error: Phase "Sqlite.jsm: wait until all connections are closed" is finished, it is too late to register completion condition "protections.sqlite#0: waiting for shutdown"

###!!! [Child][RunMessage] Error: Channel closing: too late to send/recv, messages will be lost

1615220118086	geckodriver	INFO	Listening on 127.0.0.1:14263
1615220120977	mozrunner::runner	INFO	Running command: "C:\\Program Files\\Mozilla Firefox\\firefox.exe" "--marionette" "-foreground" "-no-remote" "-profile" "C:\\Users\\Vignesh\\AppData\\Local\\Temp\\rust_mozprofile5nvVAX"
console.warn: SearchSettings: "get: No settings file exists, new profile?" (new Error("", "(unknown module)"))
console.error: Region.jsm: "Error fetching region" (new Error("TIMEOUT", "resource://gre/modules/Region.jsm", 775))
console.error: Region.jsm: "Failed to fetch region" (new Error("TIMEOUT", "resource://gre/modules/Region.jsm", 422))
1615220138181	Marionette	INFO	Listening on port 14271
1615220138732	Marionette	WARN	TLS certificate errors will be ignored for this session
1615220152917	Marionette	WARN	TimedPromise timed out after 500 ms: stacktrace:
TimedPromise/<@chrome://marionette/content/sync.js:231:19
TimedPromise@chrome://marionette/content/sync.js:216:10
interaction.flushEventLoop@chrome://marionette/content/interaction.js:433:10
webdriverClickElement@chrome://marionette/content/interaction.js:179:31
1615220159362	Marionette	WARN	TimedPromise timed out after 500 ms: stacktrace:
TimedPromise/<@chrome://marionette/content/sync.js:231:19
TimedPromise@chrome://marionette/content/sync.js:216:10
interaction.flushEventLoop@chrome://marionette/content/interaction.js:433:10
webdriverClickElement@chrome://marionette/content/interaction.js:179:31
[Parent 6356, IPC I/O Parent] WARNING: file /builds/worker/checkouts/gecko/ipc/chromium/src/base/process_util_win.cc:167
1615220384110	Marionette	INFO	Stopped listening on port 14271

###!!! [Child][RunMessage] Error: Channel closing: too late to send/recv, messages will be lost

sole.warn: SearchSettings: "get: No settings file exists, new profile?" (new Error("", "(unknown module)"))
1615220215853	Marionette	INFO	Listening on port 14415
1615220216401	Marionette	WARN	TLS certificate errors will be ignored for this session
console.error: Region.jsm: "Error fetching region" (new Error("TIMEOUT", "resource://gre/modules/Region.jsm", 775))
console.error: Region.jsm: "Failed to fetch region" (new Error("TIMEOUT", "resource://gre/modules/Region.jsm", 422))
1615220274712	Marionette	WARN	TimedPromise timed out after 500 ms: stacktrace:
TimedPromise/<@chrome://marionette/content/sync.js:231:19
TimedPromise@chrome://marionette/content/sync.js:216:10
interaction.flushEventLoop@chrome://marionette/content/interaction.js:433:10
webdriverClickElement@chrome://marionette/content/interaction.js:179:31
1615220281079	Marionette	WARN	TimedPromise timed out after 500 ms: stacktrace:
TimedPromise/<@chrome://marionette/content/sync.js:231:19
TimedPromise@chrome://marionette/content/sync.js:216:10
interaction.flushEventLoop@chrome://marionette/content/interaction.js:433:10
webdriverClickElement@chrome://marionette/content/interaction.js:179:31
1615220285236	Marionette	WARN	TimedPromise timed out after 500 ms: stacktrace:
TimedPromise/<@chrome://marionette/content/sync.js:231:19
TimedPromise@chrome://marionette/content/sync.js:216:10
interaction.flushEventLoop@chrome://marionette/content/interaction.js:433:10
webdriverClickElement@chrome://marionette/content/interaction.js:179:31
1615220291651	Marionette	WARN	TimedPromise timed out after 500 ms: stacktrace:
TimedPromise/<@chrome://marionette/content/sync.js:231:19
TimedPromise@chrome://marionette/content/sync.js:216:10
interaction.flushEventLoop@chrome://marionette/content/interaction.js:433:10
webdriverClickElement@chrome://marionette/content/interaction.js:179:31
1615220387220	Marionette	INFO	Stopped listening on port 14415

###!!! [Child][RunMessage] Error: Channel closing: too lat1615220390583	mozrunner::runner	INFO	Running command: "C:\\Program Files\\Mozilla Firefox\\firefox.exe" "--marionette" "-foreground" "-no-remote" "-profile" "C:\\Users\\Vignesh\\AppData\\Local\\Temp\\rust_mozprofileHsO8uJ"
console.warn: SearchSettings: "get: No settings file exists, new profile?" (new Error("", "(unknown module)"))
1615220398492	Marionette	INFO	Listening on port 14568
1615220399445	Marionette	WARN	TLS certificate errors will be ignored for this session
1615220878446	Marionette	INFO	Stopped listening on port 14568

###!!! [Child][RunMessage] Error: Channel closing: too late to send/recv, messages will be lost

1615220904816	geckodriver	INFO	Listening on 127.0.0.1:14767
1615220907997	mozrunner::runner	INFO	Running command: "C:\\Program Files\\Mozilla Firefox\\firefox.exe" "--marionette" "-foreground" "-no-remote" "-profile" "C:\\Users\\Vignesh\\AppData\\Local\\Temp\\rust_mozprofileiklHxt"
console.warn: SearchSettings: "get: No settings file exists, new profile?" (new Error("", "(unknown module)"))
1615220914953	Marionette	INFO	Listening on port 14775
1615220915311	Marionette	WARN	TLS certificate errors will be ignored for this session
console.error: Region.jsm: "Error fetching region" (new Error("TIMEOUT", "resource://gre/modules/Region.jsm", 775))
console.error: Region.jsm: "Failed to fetch region" (new Error("TIMEOUT", "resource://gre/modules/Region.jsm", 422))
1615220949028	Marionette	INFO	Stopped listening on port 14775
JavaScript error: resource://gre/modules/AsyncShutdown.jsm, line 716: Error: Phase "Sqlite.jsm: wait until all connections are closed" is finished, it is too late to register completion condition "protections.sqlite#0: waiting for shutdown"

###!!! [Child][RunMessage] Error: Channel closing: too late to send/recv, messages will be lost

1615221136377	geckodriver	INFO	Listening on 127.0.0.1:14919
1615221139433	mozrunner::runner	INFO	Running command: "C:\\Program Files\\Mozilla Firefox\\firefox.exe" "--marionette" "-foreground" "-no-remote" "-profile" "C:\\Users\\Vignesh\\AppData\\Local\\Temp\\rust_mozprofiledgwgwN"
console.warn: SearchSettings: "get: No settings file exists, new profile?" (new Error("", "(unknown module)"))
1615221146116	Marionette	INFO	Listening on port 14927
1615221146225	Marionette	WARN	TLS certificate errors will be ignored for this session
console.error: Region.jsm: "Error fetching region" (new Error("TIMEOUT", "resource://gre/modules/Region.jsm", 775))
console.error: Region.jsm: "Failed to fetch region" (new Error("TIMEOUT", "resource://gre/modules/Region.jsm", 422))
1615221232988	Marionette	INFO	Stopped listening on port 14927

###!!! [Child][RunMessage] Error: Channel closing: too late to send/recv, messages will be lost


###!!! [Child][RunMessage] Error: Channel closing: too late to send/recv, messages will be lost

1615221701217	geckodriver	INFO	Listening on 127.0.0.1:1062
1615221704601	mozrunner::runner	INFO	Running command: "C:\\Program Files\\Mozilla Firefox\\firefox.exe" "--marionette" "-foreground" "-no-remote" "-profile" "C:\\Users\\Vignesh\\AppData\\Local\\Temp\\rust_mozprofileswjqB7"
console.warn: SearchSettings: "get: No settings file exists, new profile?" (new Error("", "(unknown module)"))
1615221711297	Marionette	INFO	Listening on port 1071
1615221711381	Marionette	WARN	TLS certificate errors will be ignored for this session
1615221795938	Marionette	INFO	Stopped listening on port 1071
JavaScript error: resource://activity-stream/lib/ASRouter.jsm, line 988: NS_ERROR_ILLEGAL_VALUE: Component returned failure code: 0x80070057 (NS_ERROR_ILLEGAL_VALUE) [nsIObserverService.removeObserver]

###!!! [Child][RunMessage] Error: Channel closing: too late to send/recv, messages will be lost

1615259122394	geckodriver	INFO	Listening on 127.0.0.1:2179
1615259125434	mozrunner::runner	INFO	Running command: "C:\\Program Files\\Mozilla Firefox\\firefox.exe" "--marionette" "-foreground" "-no-remote" "-profile" "C:\\Users\\Vignesh\\AppData\\Local\\Temp\\rust_mozprofileuk34FR"
console.warn: SearchSettings: "get: No settings file exists, new profile?" (new Error("", "(unknown module)"))
1615259137693	Marionette	INFO	Listening on port 2187
1615259138226	Marionette	WARN	TLS certificate errors will be ignored for this session
1615259170330	Marionette	INFO	Stopped listening on port 2187
1615269530531	geckodriver	INFO	Listening on 127.0.0.1:2814
1615269533566	mozrunner::runner	INFO	Running command: "C:\\Program Files\\Mozilla Firefox\\firefox.exe" "--marionette" "-foreground" "-no-remote" "-profile" "C:\\Users\\vigne\\AppData\\Local\\Temp\\rust_mozprofileJYz7eQ"
console.warn: SearchSettings: "get: No settings file exists, new profile?" (new Error("", "(unknown module)"))
1615269538914	Marionette	INFO	Listening on port 2824
1615269539428	Marionette	WARN	TLS certificate errors will be ignored for this session
1615269560420	Marionette	INFO	Stopped listening on port 2824
JavaScript error: resource://activity-stream/lib/ASRouter.jsm, line 988: NS_ERROR_ILLEGAL_VALUE: Component returned failure code: 0x80070057 (NS_ERROR_ILLEGAL_VALUE) [nsIObserverService.removeObserver]
[Parent 5636, IPC I/O Parent] WARNING: file /builds/worker/checkouts/gecko/ipc/chromium/src/base/process_util_win.cc:167

###!!! [Child][RunMessage] Error: Channel closing: too late to send/recv, messages will be lost

1615269686591	geckodriver	INFO	Listening on 127.0.0.1:3024
1615269689656	mozrunner::runner	INFO	Running command: "C:\\Program Files\\Mozilla Firefox\\firefox.exe" "--marionette" "-foreground" "-no-remote" "-profile" "C:\\Users\\vigne\\AppData\\Local\\Temp\\rust_mozprofileEcGXpu"
console.warn: SearchSettings: "get: No settings file exists, new profile?" (new Error("", "(unknown module)"))
1615269695870	Marionette	INFO	Listening on port 3035
1615269696107	Marionette	WARN	TLS certificate errors will be ignored for this session
1615269702448	Marionette	INFO	Stopped listening on port 3035
JavaScript error: resource://activity-stream/lib/ASRouter.jsm, line 988: NS_ERROR_ILLEGAL_VALUE: Component returned failure code: 0x80070057 (NS_ERROR_ILLEGAL_VALUE) [nsIObserverService.removeObserver]
JavaScript error: resource://gre/modules/UrlClassifierListManager.jsm, line 691: TypeError: this.tablesData[table] is undefined

###!!! [Child][RunMessage] Error: Channel closing: too late to send/recv, messages will be lost

1615269730620	geckodriver	INFO	Listening on 127.0.0.1:3120
1615269733694	mozrunner::runner	INFO	Running command: "C:\\Program Files\\Mozilla Firefox\\firefox.exe" "--marionette" "-foreground" "-no-remote" "-profile" "C:\\Users\\vigne\\AppData\\Local\\Temp\\rust_mozprofileNGw5M8"
console.warn: SearchSettings: "get: No settings file exists, new profile?" (new Error("", "(unknown module)"))
1615269739319	Marionette	INFO	Listening on port 3128
1615269739559	Marionette	WARN	TLS certificate errors will be ignored for this session
1615269754031	Marionette	INFO	Stopped listening on port 3128
JavaScript error: resource://activity-stream/lib/ASRouter.jsm, line 988: NS_ERROR_ILLEGAL_VALUE: Component returned failure code: 0x80070057 (NS_ERROR_ILLEGAL_VALUE) [nsIObserverService.removeObserver]
JavaScript error: resource://gre/modules/Sqlite.jsm, line 1030: Error: Sqlite.jsm has been shutdown. Cannot open connection to: C:\Users\vigne\AppData\Local\Temp\rust_mozprofileNGw5M8\protections.sqlite

###!!! [Child][RunMessage] Error: Channel closing: too late to send/recv, messages will be lost

1615286418130	geckodriver	INFO	Listening on 127.0.0.1:8510
1615286421191	mozrunner::runner	INFO	Running command: "C:\\Program Files\\Mozilla Firefox\\firefox.exe" "--marionette" "-foreground" "-no-remote" "-profile" "C:\\Users\\vigne\\AppData\\Local\\Temp\\rust_mozprofilecZNbFB"
console.warn: SearchSettings: "get: No settings file exists, new profile?" (new Error("", "(unknown module)"))
1615286426183	Marionette	INFO	Listening on port 8518
1615286426497	Marionette	WARN	TLS certificate errors will be ignored for this session
1615286434961	Marionette	INFO	Stopped listening on port 8518
JavaScript error: resource://activity-stream/lib/ASRouter.jsm, line 988: NS_ERROR_ILLEGAL_VALUE: Component returned failure code: 0x80070057 (NS_ERROR_ILLEGAL_VALUE) [nsIObserverService.removeObserver]

###!!! [Child][RunMessage] Error: Channel closing: too late to send/recv, messages will be lost

1615288824190	geckodriver	INFO	Listening on 127.0.0.1:9512
1615288827208	mozrunner::runner	INFO	Running command: "C:\\Program Files\\Mozilla Firefox\\firefox.exe" "--marionette" "-foreground" "-no-remote" "-profile" "C:\\Users\\vigne\\AppData\\Local\\Temp\\rust_mozprofileJyCdeY"
console.warn: SearchSettings: "get: No settings file exists, new profile?" (new Error("", "(unknown module)"))
1615288831245	Marionette	INFO	Listening on port 9520
1615288831450	Marionette	WARN	TLS certificate errors will be ignored for this session
1615288849763	Marionette	INFO	Stopped listening on port 9520
[Parent 10436, IPC I/O Parent] WARNING: file /builds/worker/checkouts/gecko/ipc/chromium/src/base/process_util_win.cc:167

###!!! [Child][RunMessage] Error: Channel closing: too late to send/recv, messages will be lost

1615288862856	geckodriver	INFO	Listening on 127.0.0.1:9594
1615288865891	mozrunner::runner	INFO	Running command: "C:\\Program Files\\Mozilla Firefox\\firefox.exe" "--marionette" "-foreground" "-no-remote" "-profile" "C:\\Users\\vigne\\AppData\\Local\\Temp\\rust_mozprofile3o3ILc"
console.warn: SearchSettings: "get: No settings file exists, new profile?" (new Error("", "(unknown module)"))
1615288869940	Marionette	INFO	Listening on port 9602
1615288870117	Marionette	WARN	TLS certificate errors will be ignored for this session
JavaScript error: resource://activity-stream/lib/ASRouter.jsm, line 988: NS_ERROR_ILLEGAL_VALUE: Component returned failure code: 0x80070057 (NS_ERROR_ILLEGAL_VALUE) [nsIObserverService.removeObserver]
1615288907329	Marionette	INFO	Stopped listening on port 9602

###!!! [Child][RunMessage] Error: Channel closing: too late to send/recv, messages will be lost

1615289031161	geckodriver	INFO	Listening on 127.0.0.1:9737
1615289034195	mozrunner::runner	INFO	Running command: "C:\\Program Files\\Mozilla Firefox\\firefox.exe" "--marionette" "-foreground" "-no-remote" "-profile" "C:\\Users\\vigne\\AppData\\Local\\Temp\\rust_mozprofile2xw5km"
console.warn: SearchSettings: "get: No settings file exists, new profile?" (new Error("", "(unknown module)"))
1615289038071	Marionette	INFO	Listening on port 9745
1615289038373	Marionette	WARN	TLS certificate errors will be ignored for this session
1615289044313	Marionette	INFO	Stopped listening on port 9745
JavaScript error: resource://gre/modules/Sqlite.jsm, line 1030: Error: Sqlite.jsm has been shutdown. Cannot open connection to: C:\Users\vigne\AppData\Local\Temp\rust_mozprofile2xw5km\protections.sqlite

###!!! [Child][RunMessage] Error: Channel closing: too late to send/recv, messages will be lost

1615289988904	geckodriver	INFO	Listening on 127.0.0.1:10071
1615289991948	mozrunner::runner	INFO	Running command: "C:\\Program Files\\Mozilla Firefox\\firefox.exe" "--marionette" "-foreground" "-no-remote" "-profile" "C:\\Users\\vigne\\AppData\\Local\\Temp\\rust_mozprofilePGdprG"
console.warn: SearchSettings: "get: No settings file exists, new profile?" (new Error("", "(unknown module)"))
1615289997387	Marionette	INFO	Listening on port 10079
1615289997743	Marionette	WARN	TLS certificate errors will be ignored for this session
1615290015613	Marionette	INFO	Stopped listening on port 10079
[Parent 1036, IPC I/O Parent] WARNING: file /builds/worker/checkouts/gecko/ipc/chromium/src/base/process_util_win.cc:167

###!!! [Child][RunMessage] Error: Channel closing: too late to send/recv, messages will be lost

1615305980580	geckodriver	INFO	Listening on 127.0.0.1:3647
1615305983971	mozrunner::runner	INFO	Running command: "C:\\Program Files\\Mozilla Firefox\\firefox.exe" "--marionette" "-foreground" "-no-remote" "-profile" "C:\\Users\\Vignesh\\AppData\\Local\\Temp\\rust_mozprofileqX53Ax"
console.warn: SearchSettings: "get: No settings file exists, new profile?" (new Error("", "(unknown module)"))
1615306010609	Marionette	INFO	Listening on port 3655
1615306013392	Marionette	WARN	TLS certificate errors will be ignored for this session
1615306040476	Marionette	INFO	Stopped listening on port 3655
JavaScript error: resource://gre/modules/CrashManager.jsm, line 831: NotAllowedError: Shutting down and refusing additional I/O tasks
1615306061419	geckodriver	INFO	Listening on 127.0.0.1:3765
1615306064435	mozrunner::runner	INFO	Running command: "C:\\Program Files\\Mozilla Firefox\\firefox.exe" "--marionette" "-foreground" "-no-remote" "-profile" "C:\\Users\\Vignesh\\AppData\\Local\\Temp\\rust_mozprofile3gyxNU"
console.warn: SearchSettings: "get: No settings file exists, new profile?" (new Error("", "(unknown module)"))
1615306073298	Marionette	INFO	Listening on port 3775
1615306073404	Marionette	WARN	TLS certificate errors will be ignored for this session
1615306081717	Marionette	WARN	Ignoring event 'DOMContentLoaded' because document has an invalid readyState of 'complete'.
1615306091760	Marionette	INFO	Stopped listening on port 3775

###!!! [Child][RunMessage] Error: Channel closing: too late to send/recv, messages will be lost


###!!! [Child][RunMessage] Error: Channel closing: too late to send/recv, messages will be lost


###!!! [Child][RunMessage] Error: Channel closing: too late to send/recv, messages will be lost


###!!! [Child][RunMessage] Error: Channel closing: too late to send/recv, messages will be lost


###!!! [Child][RunMessage] Error: Channel closing: too late to send/recv, messages will be lost


###!!! [Child][RunMessage] Error: Channel closing: too late to send/recv, messages will be lost


###!!! [Child][RunMessage] Error: Channel closing: too late to send/recv, messages will be lost


###!!! [Child][RunMessage] Error: Channel closing: too late to send/recv, messages will be lost


###!!! [Child][RunMessage] Error: Channel closing: too late to send/recv, messages will be lost


###!!! [Child][RunMessage] Error: Channel closing: too late to send/recv, messages will be lost


###!!! [Child][RunMessage] Error: Channel closing: too late to send/recv, messages will be lost


###!!! [Child][RunMessage] Error: Channel closing: too late to send/recv, messages will be lost


###!!! [Child][RunMessage] Error: Channel closing: too late to send/recv, messages will be lost


###!!! [Child][RunMessage] Error: Channel closing: too late to send/recv, messages will be lost


###!!! [Child][RunMessage] Error: Channel closing: too late to send/recv, messages will be lost


###!!! [Child][RunMessage] Error: Channel closing: too late to send/recv, messages will be lost


###!!! [Child][MessageChannel] Error: (msgtype=0x230033,name=PBrowser::Msg___delete__) Channel closing: too late to send/recv, messages will be lost

JavaScript error: resource://gre/modules/Sqlite.jsm, line 1030: Error: Sqlite.jsm has been shutdown. Cannot open connection to: C:\Users\Vignesh\AppData\Local\Temp\rust_mozprofile3gyxNU\protections.sqlite

###!!! [Child][RunMessage] Error: Channel closing: too late to send/recv, messages will be lost

1615343837779	geckodriver	INFO	Listening on 127.0.0.1:4216
1615343840780	mozrunner::runner	INFO	Running command: "C:\\Program Files\\Mozilla Firefox\\firefox.exe" "--marionette" "-foreground" "-no-remote" "-profile" "C:\\Users\\Vignesh\\AppData\\Local\\Temp\\rust_mozprofilenLKtvs"
console.warn: SearchSettings: "get: No settings file exists, new profile?" (new Error("", "(unknown module)"))
console.error: Region.jsm: "Error fetching region" (new Error("TIMEOUT", "resource://gre/modules/Region.jsm", 775))
console.error: Region.jsm: "Failed to fetch region" (new Error("TIMEOUT", "resource://gre/modules/Region.jsm", 422))
1615343851983	Marionette	INFO	Listening on port 4229
1615343852511	Marionette	WARN	TLS certificate errors will be ignored for this session
1615343872478	Marionette	INFO	Stopped listening on port 4229
JavaScript error: resource://activity-stream/lib/ASRouter.jsm, line 988: NS_ERROR_ILLEGAL_VALUE: Component returned failure code: 0x80070057 (NS_ERROR_ILLEGAL_VALUE) [nsIObserverService.removeObserver]

###!!! [Child][RunMessage] Error: Channel closing: too late to send/recv, messages will be lost


###!!! [Child][RunMessage] Error: Channel closing: too late to send/recv, messages will be lost


###!!! [Child][MessageChannel] Error: (msgtype=0x230033,name=PBrowser::Msg___delete__) Channel closing: too late to send/recv, messages will be lost

JavaScript error: resource://gre/modules/Sqlite.jsm, line 1030: Error: Sqlite.jsm has been shutdown. Cannot open connection to: C:\Users\Vignesh\AppData\Local\Temp\rust_mozprofilenLKtvs\protections.sqlite

###!!! [Child][RunMessage] Error: Channel closing: too late to send/recv, messages will be lost

1615344855076	geckodriver	INFO	Listening on 127.0.0.1:4416
1615344858686	mozrunner::runner	INFO	Running command: "C:\\Program Files\\Mozilla Firefox\\firefox.exe" "--marionette" "-foreground" "-no-remote" "-profile" "C:\\Users\\Vignesh\\AppData\\Local\\Temp\\rust_mozprofileOyAL7k"
console.warn: SearchSettings: "get: No settings file exists, new profile?" (new Error("", "(unknown module)"))
1615344865065	Marionette	INFO	Listening on port 4424
1615344865411	Marionette	WARN	TLS certificate errors will be ignored for this session
1615344881596	Marionette	INFO	Stopped listening on port 4424
[Child 5256, IPC I/O Child] WARNING: pipe error: 232: file /builds/worker/checkouts/gecko/ipc/chromium/src/chrome/common/ipc_channel_win.cc:545

###!!! [Child][RunMessage] Error: Channel closing: too late to send/recv, messages will be lost

1615344987729	geckodriver	INFO	Listening on 127.0.0.1:4532
1615344990775	mozrunner::runner	INFO	Running command: "C:\\Program Files\\Mozilla Firefox\\firefox.exe" "--marionette" "-foreground" "-no-remote" "-profile" "C:\\Users\\Vignesh\\AppData\\Local\\Temp\\rust_mozprofileGcuP3N"
console.warn: SearchSettings: "get: No settings file exists, new profile?" (new Error("", "(unknown module)"))
1615344997033	Marionette	INFO	Listening on port 4540
1615344997491	Marionette	WARN	TLS certificate errors will be ignored for this session
1615345009036	Marionette	INFO	Stopped listening on port 4540

###!!! [Child][RunMessage] Error: Channel closing: too late to send/recv, messages will be lost


###!!! [Child][RunMessage] Error: Channel closing: too late to send/recv, messages will be lost

1615352835551	geckodriver	INFO	Listening on 127.0.0.1:2845
1615352838563	mozrunner::runner	INFO	Running command: "C:\\Program Files\\Mozilla Firefox\\firefox.exe" "--marionette" "-foreground" "-no-remote" "-profile" "C:\\Users\\vigne\\AppData\\Local\\Temp\\rust_mozprofileKlStD4"
console.warn: SearchSettings: "get: No settings file exists, new profile?" (new Error("", "(unknown module)"))
1615352842991	Marionette	INFO	Listening on port 2853
1615352843390	Marionette	WARN	TLS certificate errors will be ignored for this session
1615352863587	Marionette	INFO	Stopped listening on port 2853

###!!! [Child][RunMessage] Error: Channel closing: too late to send/recv, messages will be lost

1615352928954	geckodriver	INFO	Listening on 127.0.0.1:2932
1615352931979	mozrunner::runner	INFO	Running command: "C:\\Program Files\\Mozilla Firefox\\firefox.exe" "--marionette" "-foreground" "-no-remote" "-profile" "C:\\Users\\vigne\\AppData\\Local\\Temp\\rust_mozprofileBoBH2g"
console.warn: SearchSettings: "get: No settings file exists, new profile?" (new Error("", "(unknown module)"))
1615352936147	Marionette	INFO	Listening on port 2941
1615352936226	Marionette	WARN	TLS certificate errors will be ignored for this session
1615352952867	Marionette	INFO	Stopped listening on port 2941
JavaScript error: resource://activity-stream/lib/ASRouter.jsm, line 988: NS_ERROR_ILLEGAL_VALUE: Component returned failure code: 0x80070057 (NS_ERROR_ILLEGAL_VALUE) [nsIObserverService.removeObserver]

###!!! [Child][RunMessage] Error: Channel closing: too late to send/recv, messages will be lost

1615390601848	geckodriver	INFO	Listening on 127.0.0.1:6105
1615390605130	mozrunner::runner	INFO	Running command: "C:\\Program Files\\Mozilla Firefox\\firefox.exe" "--marionette" "-foreground" "-no-remote" "-profile" "C:\\Users\\Vignesh\\AppData\\Local\\Temp\\rust_mozprofilepgnWmf"
console.warn: SearchSettings: "get: No settings file exists, new profile?" (new Error("", "(unknown module)"))
1615390614274	Marionette	INFO	Listening on port 6113
1615390614790	Marionette	WARN	TLS certificate errors will be ignored for this session
1615390641345	Marionette	INFO	Stopped listening on port 6113

###!!! [Child][MessageChannel] Error: (msgtype=0x230033,name=PBrowser::Msg___delete__) Channel closing: too late to send/recv, messages will be lost

JavaScript error: resource://gre/modules/Sqlite.jsm, line 1030: Error: Sqlite.jsm has been shutdown. Cannot open connection to: C:\Users\Vignesh\AppData\Local\Temp\rust_mozprofilepgnWmf\protections.sqlite

###!!! [Child][RunMessage] Error: Channel closing: too late to send/recv, messages will be lost

1615470818339	geckodriver	INFO	Listening on 127.0.0.1:10626
1615470821371	mozrunner::runner	INFO	Running command: "C:\\Program Files\\Mozilla Firefox\\firefox.exe" "--marionette" "-foreground" "-no-remote" "-profile" "C:\\Users\\vigne\\AppData\\Local\\Temp\\rust_mozprofileOJLFVT"
console.warn: SearchSettings: "get: No settings file exists, new profile?" (new Error("", "(unknown module)"))
1615470825344	Marionette	INFO	Listening on port 10634
1615470825555	Marionette	WARN	TLS certificate errors will be ignored for this session
1615470856671	Marionette	INFO	Stopped listening on port 10634

###!!! [Child][RunMessage] Error: Channel closing: too late to send/recv, messages will be lost

1615470886013	geckodriver	INFO	Listening on 127.0.0.1:10688
1615470889044	mozrunner::runner	INFO	Running command: "C:\\Program Files\\Mozilla Firefox\\firefox.exe" "--marionette" "-foreground" "-no-remote" "-profile" "C:\\Users\\vigne\\AppData\\Local\\Temp\\rust_mozprofileXqWeex"
console.warn: SearchSettings: "get: No settings file exists, new profile?" (new Error("", "(unknown module)"))
1615470893264	Marionette	INFO	Listening on port 10696
1615470893326	Marionette	WARN	TLS certificate errors will be ignored for this session
1615470904123	Marionette	INFO	Stopped listening on port 10696

###!!! [Child][RunMessage] Error: Channel closing: too late to send/recv, messages will be lost

1615528104969	geckodriver	INFO	Listening on 127.0.0.1:1976
1615528107931	mozrunner::runner	INFO	Running command: "C:\\Program Files\\Mozilla Firefox\\firefox.exe" "--marionette" "-foreground" "-no-remote" "-profile" "C:\\Users\\vigne\\AppData\\Local\\Temp\\rust_mozprofileAx8J1P"
console.warn: SearchSettings: "get: No settings file exists, new profile?" (new Error("", "(unknown module)"))
1615528113019	Marionette	INFO	Listening on port 1985
1615528113243	Marionette	WARN	TLS certificate errors will be ignored for this session
JavaScript error: resource://activity-stream/lib/ASRouter.jsm, line 988: NS_ERROR_ILLEGAL_VALUE: Component returned failure code: 0x80070057 (NS_ERROR_ILLEGAL_VALUE) [nsIObserverService.removeObserver]
[Parent 9664, IPC I/O Parent] WARNING: file /builds/worker/checkouts/gecko/ipc/chromium/src/base/process_util_win.cc:167
1615528149418	Marionette	INFO	Stopped listening on port 1985

###!!! [Child][RunMessage] Error: Channel closing: too late to send/recv, messages will be lost

1615628136651	geckodriver	INFO	Listening on 127.0.0.1:9878
1615628139684	mozrunner::runner	INFO	Running command: "C:\\Program Files\\Mozilla Firefox\\firefox.exe" "--marionette" "-foreground" "-no-remote" "-profile" "C:\\Users\\vigne\\AppData\\Local\\Temp\\rust_mozprofileueORh7"
console.warn: SearchSettings: "get: No settings file exists, new profile?" (new Error("", "(unknown module)"))
1615628144542	Marionette	INFO	Listening on port 9886
1615628145009	Marionette	WARN	TLS certificate errors will be ignored for this session
1615628155130	Marionette	INFO	Stopped listening on port 9886

###!!! [Child][RunMessage] Error: Channel closing: too late to send/recv, messages will be lost

1615628226802	geckodriver	INFO	Listening on 127.0.0.1:9970
1615628229825	mozrunner::runner	INFO	Running command: "C:\\Program Files\\Mozilla Firefox\\firefox.exe" "--marionette" "--headless" "-foreground" "-no-remote" "-profile" "C:\\Users\\vigne\\AppData\\Local\\Temp\\rust_mozprofiledeMM5S"
*** You are running in headless mode.
console.warn: SearchSettings: "get: No settings file exists, new profile?" (new Error("", "(unknown module)"))
1615628232960	Marionette	INFO	Listening on port 9978
1615628233000	Marionette	WARN	TLS certificate errors will be ignored for this session
1615628238098	Marionette	INFO	Stopped listening on port 9978
JavaScript error: resource://activity-stream/lib/ASRouter.jsm, line 988: NS_ERROR_ILLEGAL_VALUE: Component returned failure code: 0x80070057 (NS_ERROR_ILLEGAL_VALUE) [nsIObserverService.removeObserver]
1615628336079	geckodriver	INFO	Listening on 127.0.0.1:10066
1615628339122	mozrunner::runner	INFO	Running command: "C:\\Program Files\\Mozilla Firefox\\firefox.exe" "--marionette" "headless" "-foreground" "-no-remote" "-profile" "C:\\Users\\vigne\\AppData\\Local\\Temp\\rust_mozprofileR7wMsW"
console.warn: SearchSettings: "get: No settings file exists, new profile?" (new Error("", "(unknown module)"))
1615628343190	Marionette	INFO	Listening on port 10074
1615628343296	Marionette	WARN	TLS certificate errors will be ignored for this session
JavaScript error: resource://activity-stream/lib/ASRouter.jsm, line 988: NS_ERROR_ILLEGAL_VALUE: Component returned failure code: 0x80070057 (NS_ERROR_ILLEGAL_VALUE) [nsIObserverService.removeObserver]
console.error: "Could not load engine bing@search.mozilla.org: TypeError: AddonManagerInternal._getProviderByName(...) is undefined"
console.error: "Could not load engine ddg@search.mozilla.org: TypeError: AddonManagerInternal._getProviderByName(...) is undefined"
console.warn: SearchService: "_init: abandoning init due to shutting down"
JavaScript error: resource://gre/modules/DeferredTask.jsm, line 215: Error: Unable to arm timer, the object has been finalized.
JavaScript error: resource://gre/modules/DeferredTask.jsm, line 215: Error: Unable to arm timer, the object has been finalized.
JavaScript error: resource://gre/modules/DeferredTask.jsm, line 215: Error: Unable to arm timer, the object has been finalized.
JavaScript error: resource://gre/modules/AsyncShutdown.jsm, line 573: uncaught exception: 2147500036
JavaScript error: resource://gre/modules/AsyncShutdown.jsm, line 573: uncaught exception: 2147500036
JavaScript error: resource://gre/modules/AsyncShutdown.jsm, line 573: uncaught exception: 2147500036
JavaScript error: resource://gre/modules/AsyncShutdown.jsm, line 573: uncaught exception: 2147500036
JavaScript error: resource://gre/modules/AsyncShutdown.jsm, line 573: uncaught exception: 2147500036
JavaScript error: resource://gre/modules/AsyncShutdown.jsm, line 573: uncaught exception: 2147500036
[Parent 8532, IPC I/O Parent] WARNING: file /builds/worker/checkouts/gecko/ipc/chromium/src/base/process_util_win.cc:167
1615628347266	Marionette	INFO	Stopped listening on port 10074

###!!! [Child][RunMessage] Error: Channel closing: too late to send/recv, messages will be lost

JavaScript error: resource:///modules/EveryWindow.jsm, line 1615628359589	mozrunner::runner	INFO	Running command: "C:\\Program Files\\Mozilla Firefox\\firefox.exe" "--marionette" "--headJavaScript error: resource://gre/modules/CrashManager.jsm, line 831: NotAllowedError: Shutting down and refusing additional I/O tasks
less mode.
console.warn: SearchSettings: "get: No settings file exists, new profile?" (new Error("", "(unknown module)"))
1615628363557	Marionette	INFO	Listening on port 10136
1615628363762	Marionette	WARN	TLS certificate errors will be ignored for this session
1615628370600	Marionette	INFO	Stopped listening on port 10136
JavaScript error: resource://activity-stream/lib/ASRouter.jsm, line 988: NS_ERROR_ILLEGAL_VALUE: Component returned failure code: 0x80070057 (NS_ERROR_ILLEGAL_VALUE) [nsIObserverService.removeObserver]
1615629568170	geckodriver	INFO	Listening on 127.0.0.1:10306
1615629571213	mozrunner::runner	INFO	Running command: "C:\\Program Files\\Mozilla Firefox\\firefox.exe" "--marionette" "-foreground" "-no-remote" "-profile" "C:\\Users\\vigne\\AppData\\Local\\Temp\\rust_mozprofileuNVTNf"
console.warn: SearchSettings: "get: No settings file exists, new profile?" (new Error("", "(unknown module)"))
1615629575501	Marionette	INFO	Listening on port 10314
1615629575995	Marionette	WARN	TLS certificate errors will be ignored for this session
console.error: Region.jsm: "Error fetching region" (new Error("TIMEOUT", "resource://gre/modules/Region.jsm", 775))
console.error: Region.jsm: "Failed to fetch region" (new Error("TIMEOUT", "resource://gre/modules/Region.jsm", 422))
1615629626589	Marionette	INFO	Stopped listening on port 10314
[Parent 1180, IPC I/O Parent] WARNING: file /builds/worker/checkouts/gecko/ipc/chromium/src/base/process_util_win.cc:167

###!!! [Child][RunMessage] Error: Channel closing: too late to send/recv, messages will be lost

1615629882905	geckodriver	INFO	Listening on 127.0.0.1:10466
1615629885938	mozrunner::runner	INFO	Running command: "C:\\Program Files\\Mozilla Firefox\\firefox.exe" "--marionette" "--headless" "-foreground" "-no-remote" "-profile" "C:\\Users\\vigne\\AppData\\Local\\Temp\\rust_mozprofile4khGp6"
*** You are running in headless mode.
console.warn: SearchSettings: "get: No settings file exists, new profile?" (new Error("", "(unknown module)"))
1615629889395	Marionette	INFO	Listening on port 10474
1615629889615	Marionette	WARN	TLS certificate errors will be ignored for this session
JavaScript warning: https://pagead2.googlesyndication.com/bg/EZf8jxdwqkL23uxFPDBdTiNZzxbWfe97GgGOcmp5ap4.js line 1 > eval line 3031 > eval line 1 > eval, line 1: Failed to create WebGL context: WebGL creation failed: 
* Can't use WebGL in headless mode (https://bugzil.la/1375585).
JavaScript warning: https://pagead2.googlesyndication.com/bg/EZf8jxdwqkL23uxFPDBdTiNZzxbWfe97GgGOcmp5ap4.js line 1 > eval line 7262 > eval line 1 > eval, line 1: Failed to create WebGL context: WebGL creation failed: 
* Can't use WebGL in headless mode (https://bugzil.la/1375585).
1615629900598	Marionette	INFO	Stopped listening on port 10474
JavaScript error: resource://activity-stream/lib/ASRouter.jsm, line 988: NS_ERROR_ILLEGAL_VALUE: Component returned failure code: 0x80070057 (NS_ERROR_ILLEGAL_VALUE) [nsIObserverService.removeObserver]
1615632187505	geckodriver	INFO	Listening on 127.0.0.1:10792
1615632190540	mozrunner::runner	INFO	Running command: "C:\\Program Files\\Mozilla Firefox\\firefox.exe" "--marionette" "--headless" "-foreground" "-no-remote" "-profile" "C:\\Users\\vigne\\AppData\\Local\\Temp\\rust_mozprofileHidZQj"
*** You are running in headless mode.
console.warn: SearchSettings: "get: No settings file exists, new profile?" (new Error("", "(unknown module)"))
1615632194684	Marionette	INFO	Listening on port 10800
1615632194742	Marionette	WARN	TLS certificate errors will be ignored for this session
JavaScript warning: https://pagead2.googlesyndication.com/bg/EZf8jxdwqkL23uxFPDBdTiNZzxbWfe97GgGOcmp5ap4.js line 1 > eval line 4960 > eval, line 1: Failed to create WebGL context: WebGL creation failed: 
* Can't use WebGL in headless mode (https://bugzil.la/1375585).
JavaScript warning: https://pagead2.googlesyndication.com/bg/EZf8jxdwqkL23uxFPDBdTiNZzxbWfe97GgGOcmp5ap4.js line 1 > eval line 3627 > eval line 1 > eval, line 1: Failed to create WebGL context: WebGL creation failed: 
* Can't use WebGL in headless mode (https://bugzil.la/1375585).
1615632340828	geckodriver	INFO	Listening on 127.0.0.1:10921
1615632343873	mozrunner::runner	INFO	Running command: "C:\\Program Files\\Mozilla Firefox\\firefox.exe" "--marionette" "--headless" "-foreground" "-no-remote" "-profile" "C:\\Users\\vigne\\AppData\\Local\\Temp\\rust_mozprofilegQHRbd"
*** You are running in headless mode.
console.warn: SearchSettings: "get: No settings file exists, new profile?" (new Error("", "(unknown module)"))
1615632347765	Marionette	INFO	Listening on port 10929
1615632348050	Marionette	WARN	TLS certificate errors will be ignored for this session
JavaScript warning: https://pagead2.googlesyndication.com/bg/EZf8jxdwqkL23uxFPDBdTiNZzxbWfe97GgGOcmp5ap4.js line 1 > eval line 7221 > eval line 1 > eval, line 1: Failed to create WebGL context: WebGL creation failed: 
* Can't use WebGL in headless mode (https://bugzil.la/1375585).
JavaScript warning: https://pagead2.googlesyndication.com/bg/EZf8jxdwqkL23uxFPDBdTiNZzxbWfe97GgGOcmp5ap4.js line 1 > eval line 622 > eval line 1 > eval, line 1: Failed to create WebGL context: WebGL creation failed: 
* Can't use WebGL in headless mode (https://bugzil.la/1375585).
JavaScript warning: https://pagead2.googlesyndication.com/bg/EZf8jxdwqkL23uxFPDBdTiNZzxbWfe97GgGOcmp5ap4.js line 1 > eval line 4660 > eval line 1 > eval, line 1: Failed to create WebGL context: WebGL creation failed: 
* Can't use WebGL in headless mode (https://bugzil.la/1375585).
1615632357872	Marionette	INFO	Stopped listening on port 10929
JavaScript error: resource://activity-stream/lib/ASRouter.jsm, line 988: NS_ERROR_ILLEGAL_VALUE: Component returned failure code: 0x80070057 (NS_ERROR_ILLEGAL_VALUE) [nsIObserverService.removeObserver]
[Parent 4116, IPC I/O Parent] WARNING: file /builds/worker/checkouts/gecko/ipc/chromium/src/base/process_util_win.cc:167
JavaScript error: resource://gre/modules/Sqlite.jsm, line 1030: Error: Sqlite.jsm has been shutdown. Cannot open connection to: C:\Users\vigne\AppData\Local\Temp\rust_mozprofilegQHRbd\protections.sqlite
1615661486352	geckodriver	INFO	Listening on 127.0.0.1:6997
1615661489242	mozrunner::runner	INFO	Running command: "C:\\Program Files\\Mozilla Firefox\\firefox.exe" "--marionette" "--headless" "-foreground" "-no-remote" "-profile" "C:\\Users\\Vignesh\\AppData\\Local\\Temp\\rust_mozprofileQuCNQI"
*** You are running in headless mode.
console.warn: SearchSettings: "get: No settings file exists, new profile?" (new Error("", "(unknown module)"))
1615661506178	Marionette	INFO	Listening on port 7005
1615661506724	Marionette	WARN	TLS certificate errors will be ignored for this session
JavaScript warning: https://pagead2.googlesyndication.com/bg/EZf8jxdwqkL23uxFPDBdTiNZzxbWfe97GgGOcmp5ap4.js line 1 > eval line 4428 > eval, line 1: Failed to create WebGL context: WebGL creation failed: 
* Can't use WebGL in headless mode (https://bugzil.la/1375585).
JavaScript warning: https://pagead2.googlesyndication.com/bg/EZf8jxdwqkL23uxFPDBdTiNZzxbWfe97GgGOcmp5ap4.js line 1 > eval line 7254 > eval, line 1: Failed to create WebGL context: WebGL creation failed: 
* Can't use WebGL in headless mode (https://bugzil.la/1375585).
JavaScript warning: https://pagead2.googlesyndication.com/bg/EZf8jxdwqkL23uxFPDBdTiNZzxbWfe97GgGOcmp5ap4.js line 1 > eval line 6433 > eval, line 1: Failed to create WebGL context: WebGL creation failed: 
* Can't use WebGL in headless mode (https://bugzil.la/1375585).
1615661525745	Marionette	INFO	Stopped listening on port 7005

###!!! [Child][RunMessage] Error: Channel closing: too late to send/recv, messages will be lost


###!!! [Child][MessageChannel] Error: (msgtype=0x230033,name=PBrowser::Msg___delete__) Channel closing: too late to send/recv, messages will be lost

JavaScript error: resource://gre/modules/Sqlite.jsm, line 1030: Error: Sqlite.jsm has been shutdown. Cannot open connection to: C:\Users\Vignesh\AppData\Local\Temp\rust_mozprofileQuCNQI\protections.sqlite
1615810195868	geckodriver	INFO	Listening on 127.0.0.1:9867
1615810198924	mozrunner::runner	INFO	Running command: "C:\\Program Files\\Mozilla Firefox\\firefox.exe" "--marionette" "--headless" "-foreground" "-no-remote" "-profile" "C:\\Users\\vigne\\AppData\\Local\\Temp\\rust_mozprofileBFbGxe"
*** You are running in headless mode.
console.warn: SearchSettings: "get: No settings file exists, new profile?" (new Error("", "(unknown module)"))
1615810202715	Marionette	INFO	Listening on port 9875
1615810203151	Marionette	WARN	TLS certificate errors will be ignored for this session
1615810210645	Marionette	INFO	Stopped listening on port 9875
JavaScript error: resource://activity-stream/lib/ASRouter.jsm, line 988: NS_ERROR_ILLEGAL_VALUE: Component returned failure code: 0x80070057 (NS_ERROR_ILLEGAL_VALUE) [nsIObserverService.removeObserver]
1615810237827	geckodriver	INFO	Listening on 127.0.0.1:9949
1615810240864	mozrunner::runner	INFO	Running command: "C:\\Program Files\\Mozilla Firefox\\firefox.exe" "--marionette" "-headless" "-foreground" "-no-remote" "-profile" "C:\\Users\\vigne\\AppData\\Local\\Temp\\rust_mozprofile3wqXve"
*** You are running in headless mode.
console.warn: SearchSettings: "get: No settings file exists, new profile?" (new Error("", "(unknown module)"))
1615810244992	Marionette	INFO	Listening on port 9957
1615810245297	Marionette	WARN	TLS certificate errors will be ignored for this session
1615810253126	Marionette	INFO	Stopped listening on port 9957
JavaScript error: resource://activity-stream/lib/ASRouter.jsm, line 988: NS_ERROR_ILLEGAL_VALUE: Component returned failure code: 0x80070057 (NS_ERROR_ILLEGAL_VALUE) [nsIObserverService.removeObserver]
1615813933837	geckodriver	INFO	Listening on 127.0.0.1:10202
1615813936895	mozrunner::runner	INFO	Running command: "C:\\Program Files\\Mozilla Firefox\\firefox.exe" "--marionette" "--incognito" "-foreground" "-no-remote" "-profile" "C:\\Users\\vigne\\AppData\\Local\\Temp\\rust_mozprofile50LHBI"
console.warn: SearchSettings: "get: No settings file exists, new profile?" (new Error("", "(unknown module)"))
1615813941034	Marionette	INFO	Listening on port 10210
1615813941101	Marionette	WARN	TLS certificate errors will be ignored for this session
1615813947054	Marionette	INFO	Stopped listening on port 10210
JavaScript error: resource://activity-stream/lib/ASRouter.jsm, line 988: NS_ERROR_ILLEGAL_VALUE: Component returned failure code: 0x80070057 (NS_ERROR_ILLEGAL_VALUE) [nsIObserverService.removeObserver]

###!!! [Child][RunMessage] Error: Channel closing: too late to send/recv, messages will be lost

1615814072381	geckodriver	INFO	Listening on 127.0.0.1:10316
1615814075421	mozrunner::runner	INFO	Running command: "C:\\Program Files\\Mozilla Firefox\\firefox.exe" "--marionette" "-foreground" "-no-remote" "-profile" "C:\\Users\\vigne\\AppData\\Local\\Temp\\rust_mozprofiletKd4H3"
console.warn: SearchSettings: "get: No settings file exists, new profile?" (new Error("", "(unknown module)"))
1615814079568	Marionette	INFO	Listening on port 10324
1615814079605	Marionette	WARN	TLS certificate errors will be ignored for this session
1615814090960	Marionette	INFO	Stopped listening on port 10324

###!!! [Child][RunMessage] Error: Channel closing: too late to send/recv, messages will be lost

1615814102879	geckodriver	INFO	Listening on 127.0.0.1:10394
1615814105937	mozrunner::runner	INFO	Running command: "C:\\Program Files\\Mozilla Firefox\\firefox.exe" "--marionette" "-foreground" "-no-remote" "-profile" "C:\\Users\\vigne\\AppData\\Local\\Temp\\rust_mozprofileQCLxXk"
console.warn: SearchSettings: "get: No settings file exists, new profile?" (new Error("", "(unknown module)"))
1615814110065	Marionette	INFO	Listening on port 10403
1615814110145	Marionette	WARN	TLS certificate errors will be ignored for this session
1615814117631	Marionette	INFO	Stopped listening on port 10403

###!!! [Child][RunMessage] Error: Channel closing: too late to send/recv, messages will be lost

1615814164753	geckodriver	INFO	Listening on 127.0.0.1:10478
1615814167802	mozrunner::runner	INFO	Running command: "C:\\Program Files\\Mozilla Firefox\\firefox.exe" "--marionette" "-private" "-foreground" "-no-remote" "-profile" "C:\\Users\\vigne\\AppData\\Local\\Temp\\rust_mozprofileeAVYE0"
console.warn: SearchSettings: "get: No settings file exists, new profile?" (new Error("", "(unknown module)"))
JavaScript error: resource://gre/modules/XULStore.jsm, line 66: Error: Can't find profile directory.
1615814171844	Marionette	INFO	Listening on port 10486
1615814172003	Marionette	WARN	TLS certificate errors will be ignored for this session
1615814180985	Marionette	INFO	Stopped listening on port 10486
JavaScript error: resource://activity-stream/lib/ASRouter.jsm, line 988: NS_ERROR_ILLEGAL_VALUE: Component returned failure code: 0x80070057 (NS_ERROR_ILLEGAL_VALUE) [nsIObserverService.removeObserver]
JavaScript error: resource://gre/modules/UrlClassifierListManager.jsm, line 691: TypeError: this.tablesData[table] is undefined

###!!! [Child][RunMessage] Error: Channel closing: too late to send/recv, messages will be lost

1615814239735	geckodriver	INFO	Listening on 127.0.0.1:10561
1615814242776	mozrunner::runner	INFO	Running command: "C:\\Program Files\\Mozilla Firefox\\firefox.exe" "--marionette" "-private" "--window-size=800,600" "-foreground" "-no-remote" "-profile" "C:\\Users\\vigne\\AppData\\Local\\Temp\\rust_mozprofile8EDhM3"
console.warn: SearchSettings: "get: No settings file exists, new profile?" (new Error("", "(unknown module)"))
JavaScript error: resource://gre/modules/XULStore.jsm, line 66: Error: Can't find profile directory.
1615814247534	Marionette	INFO	Listening on port 10569
1615814248060	Marionette	WARN	TLS certificate errors will be ignored for this session
1615814255544	Marionette	INFO	Stopped listening on port 10569

###!!! [Child][RunMessage] Error: Channel closing: too late to send/recv, messages will be lost

1615814271044	geckodriver	INFO	Listening on 127.0.0.1:10641
1615814274091	mozrunner::runner	INFO	Running command: "C:\\Program Files\\Mozilla Firefox\\firefox.exe" "--marionette" "-private" "--window-size=800,600" "-foreground" "-no-remote" "-profile" "C:\\Users\\vigne\\AppData\\Local\\Temp\\rust_mozprofileaHVf5N"
console.warn: SearchSettings: "get: No settings file exists, new profile?" (new Error("", "(unknown module)"))
JavaScript error: resource://gre/modules/XULStore.jsm, line 66: Error: Can't find profile directory.
1615814278517	Marionette	INFO	Listening on port 10650
1615814278568	Marionette	WARN	TLS certificate errors will be ignored for this session
1615814284900	Marionette	INFO	Stopped listening on port 10650

###!!! [Child][RunMessage] Error: Channel closing: too late to send/recv, messages will be lost

1615814298872	geckodriver	INFO	Listening on 127.0.0.1:10721
1615814301911	mozrunner::runner	INFO	Running command: "C:\\Program Files\\Mozilla Firefox\\firefox.exe" "--marionette" "-private" "--window-size=600,400" "-foreground" "-no-remote" "-profile" "C:\\Users\\vigne\\AppData\\Local\\Temp\\rust_mozprofileoeTa89"
console.warn: SearchSettings: "get: No settings file exists, new profile?" (new Error("", "(unknown module)"))
JavaScript error: resource://gre/modules/XULStore.jsm, line 66: Error: Can't find profile directory.
1615814306449	Marionette	INFO	Listening on port 10729
1615814306711	Marionette	WARN	TLS certificate errors will be ignored for this session
1615814313539	Marionette	INFO	Stopped listening on port 10729

###!!! [Child][RunMessage] Error: Channel closing: too late to send/recv, messages will be lost

1615814425531	geckodriver	INFO	Listening on 127.0.0.1:10815
1615814428580	mozrunner::runner	INFO	Running command: "C:\\Program Files\\Mozilla Firefox\\firefox.exe" "--marionette" "-private" "--start-maximized" "-foreground" "-no-remote" "-profile" "C:\\Users\\vigne\\AppData\\Local\\Temp\\rust_mozprofileeLWkYQ"
console.warn: SearchSettings: "get: No settings file exists, new profile?" (new Error("", "(unknown module)"))
JavaScript error: resource://gre/modules/XULStore.jsm, line 66: Error: Can't find profile directory.
1615814433106	Marionette	INFO	Listening on port 10823
1615814433385	Marionette	WARN	TLS certificate errors will be ignored for this session
1615814438953	Marionette	INFO	Stopped listening on port 10823

###!!! [Child][RunMessage] Error: Channel closing: too late to send/recv, messages will be lost

1615814593189	geckodriver	INFO	Listening on 127.0.0.1:10912
1615814596228	mozrunner::runner	INFO	Running command: "C:\\Program Files\\Mozilla Firefox\\firefox.exe" "--marionette" "-private" "--window-size=1280,1024" "-foreground" "-no-remote" "-profile" "C:\\Users\\vigne\\AppData\\Local\\Temp\\rust_mozprofilegkMaNt"
console.warn: SearchSettings: "get: No settings file exists, new profile?" (new Error("", "(unknown module)"))
JavaScript error: resource://gre/modules/XULStore.jsm, line 66: Error: Can't find profile directory.
1615814601247	Marionette	INFO	Listening on port 10920
1615814601499	Marionette	WARN	TLS certificate errors will be ignored for this session
1615814607469	Marionette	INFO	Stopped listening on port 10920
[Parent 7388, IPC I/O Parent] WARNING: file /builds/worker/checkouts/gecko/ipc/chromium/src/base/process_util_win.cc:167

###!!! [Child][RunMessage] Error: Channel closing: too late to send/recv, messages will be lost

1615814818633	geckodriver	INFO	Listening on 127.0.0.1:11014
1615814821652	mozrunner::runner	INFO	Running command: "C:\\Program Files\\Mozilla Firefox\\firefox.exe" "--marionette" "-private" "--window-size=1280,1024" "-foreground" "-no-remote" "-profile" "C:\\Users\\vigne\\AppData\\Local\\Temp\\rust_mozprofile4Ids7d"
console.warn: SearchSettings: "get: No settings file exists, new profile?" (new Error("", "(unknown module)"))
JavaScript error: resource://gre/modules/XULStore.jsm, line 66: Error: Can't find profile directory.
1615814826519	Marionette	INFO	Listening on port 11022
1615814826597	Marionette	WARN	TLS certificate errors will be ignored for this session
1615814833180	Marionette	INFO	Stopped listening on port 11022

###!!! [Child][RunMessage] Error: Channel closing: too late to send/recv, messages will be lost

1615896815010	geckodriver	INFO	Listening on 127.0.0.1:1844
1615896818046	mozrunner::runner	INFO	Running command: "C:\\Program Files\\Mozilla Firefox\\firefox.exe" "--marionette" "--headless" "-foreground" "-no-remote" "-profile" "C:\\Users\\vigne\\AppData\\Local\\Temp\\rust_mozprofile1iHFae"
*** You are running in headless mode.
console.warn: SearchSettings: "get: No settings file exists, new profile?" (new Error("", "(unknown module)"))
1615896821277	Marionette	INFO	Listening on port 1852
1615896821761	Marionette	WARN	TLS certificate errors will be ignored for this session
1615896828601	Marionette	INFO	Stopped listening on port 1852
JavaScript error: resource://activity-stream/lib/ASRouter.jsm, line 988: NS_ERROR_ILLEGAL_VALUE: Component returned failure code: 0x80070057 (NS_ERROR_ILLEGAL_VALUE) [nsIObserverService.removeObserver]
1616144387925	geckodriver	INFO	Listening on 127.0.0.1:10743
1616144390949	mozrunner::runner	INFO	Running command: "C:\\Program Files\\Mozilla Firefox\\firefox.exe" "--marionette" "--headless" "-foreground" "-no-remote" "-profile" "C:\\Users\\vigne\\AppData\\Local\\Temp\\rust_mozprofileEQKbaz"
*** You are running in headless mode.
console.warn: SearchSettings: "get: No settings file exists, new profile?" (new Error("", "(unknown module)"))
1616144394914	Marionette	INFO	Listening on port 10751
1616144395166	Marionette	WARN	TLS certificate errors will be ignored for this session
1616144399278	Marionette	INFO	Stopped listening on port 10751
JavaScript error: resource://activity-stream/lib/ASRouter.jsm, line 988: NS_ERROR_ILLEGAL_VALUE: Component returned failure code: 0x80070057 (NS_ERROR_ILLEGAL_VALUE) [nsIObserverService.removeObserver]
1616155992099	geckodriver	INFO	Listening on 127.0.0.1:13216
1616155995132	mozrunner::runner	INFO	Running command: "C:\\Program Files\\Mozilla Firefox\\firefox.exe" "--marionette" "-private" "--window-size=1280,1024" "-foreground" "-no-remote" "-profile" "C:\\Users\\vigne\\AppData\\Local\\Temp\\rust_mozprofilekcsOYF"
console.warn: SearchSettings: "get: No settings file exists, new profile?" (new Error("", "(unknown module)"))
JavaScript error: resource://gre/modules/XULStore.jsm, line 66: Error: Can't find profile directory.
1616156000283	Marionette	INFO	Listening on port 13224
1616156000522	Marionette	WARN	TLS certificate errors will be ignored for this session
1616156007550	Marionette	INFO	Stopped listening on port 13224
JavaScript error: resource://gre/modules/UrlClassifierListManager.jsm, line 691: TypeError: this.tablesData[table] is undefined

###!!! [Child][RunMessage] Error: Channel closing: too late to send/recv, messages will be lost

1616175776400	geckodriver	INFO	Listening on 127.0.0.1:2568
1616175779488	mozrunner::runner	INFO	Running command: "C:\\Program Files\\Mozilla Firefox\\firefox.exe" "--marionette" "--headless" "-foreground" "-no-remote" "-profile" "C:\\Users\\Vignesh\\AppData\\Local\\Temp\\rust_mozprofileZCKavZ"
*** You are running in headless mode.
console.warn: SearchSettings: "get: No settings file exists, new profile?" (new Error("", "(unknown module)"))
1616175799406	Marionette	INFO	Listening on port 2580
1616175799634	Marionette	WARN	TLS certificate errors will be ignored for this session
JavaScript warning: https://pagead2.googlesyndication.com/bg/JceIw9a1pfWTHvRavFZArymxbzecLhY03DLGwiUyfzg.js line 1 > eval line 5545 > eval, line 1: Failed to create WebGL context: WebGL creation failed: 
* Can't use WebGL in headless mode (https://bugzil.la/1375585).
JavaScript warning: https://pagead2.googlesyndication.com/bg/JceIw9a1pfWTHvRavFZArymxbzecLhY03DLGwiUyfzg.js line 1 > eval line 3086 > eval, line 1: Failed to create WebGL context: WebGL creation failed: 
* Can't use WebGL in headless mode (https://bugzil.la/1375585).
JavaScript warning: https://pagead2.googlesyndication.com/bg/JceIw9a1pfWTHvRavFZArymxbzecLhY03DLGwiUyfzg.js line 1 > eval line 624 > eval line 1 > eval, line 1: Failed to create WebGL context: WebGL creation failed: 
* Can't use WebGL in headless mode (https://bugzil.la/1375585).
JavaScript warning: https://pagead2.googlesyndication.com/bg/JceIw9a1pfWTHvRavFZArymxbzecLhY03DLGwiUyfzg.js line 1 > eval line 1033 > eval line 1 > eval, line 1: Failed to create WebGL context: WebGL creation failed: 
* Can't use WebGL in headless mode (https://bugzil.la/1375585).
JavaScript warning: https://pagead2.googlesyndication.com/bg/JceIw9a1pfWTHvRavFZArymxbzecLhY03DLGwiUyfzg.js line 1 > eval line 3708 > eval, line 1: Failed to create WebGL context: WebGL creation failed: 
* Can't use WebGL in headless mode (https://bugzil.la/1375585).
1616175825989	Marionette	INFO	Stopped listening on port 2580
JavaScript error: resource://activity-stream/lib/ASRouter.jsm, line 988: NS_ERROR_ILLEGAL_VALUE: Component returned failure code: 0x80070057 (NS_ERROR_ILLEGAL_VALUE) [nsIObserverService.removeObserver]
JavaScript error: resource://gre/modules/Sqlite.jsm, line 1030: Error: Sqlite.jsm has been shutdown. Cannot open connection to: C:\Users\Vignesh\AppData\Local\Temp\rust_mozprofileZCKavZ\protections.sqlite
1616218026812	geckodriver	INFO	Listening on 127.0.0.1:12476
1616218029816	mozrunner::runner	INFO	Running command: "C:\\Program Files\\Mozilla Firefox\\firefox.exe" "--marionette" "-private" "--window-size=1280,1024" "-foreground" "-no-remote" "-profile" "C:\\Users\\vigne\\AppData\\Local\\Temp\\rust_mozprofile05SUuG"
console.warn: SearchSettings: "get: No settings file exists, new profile?" (new Error("", "(unknown module)"))
JavaScript error: resource://gre/modules/XULStore.jsm, line 66: Error: Can't find profile directory.
1616218035732	Marionette	INFO	Listening on port 12484
1616218036141	Marionette	WARN	TLS certificate errors will be ignored for this session
1616218042464	Marionette	INFO	Stopped listening on port 12484
JavaScript error: resource://activity-stream/lib/ASRouter.jsm, line 988: NS_ERROR_ILLEGAL_VALUE: Component returned failure code: 0x80070057 (NS_ERROR_ILLEGAL_VALUE) [nsIObserverService.removeObserver]

###!!! [Child][RunMessage] Error: Channel closing: too late to send/recv, messages will be lost

1616411542636	geckodriver	INFO	Listening on 127.0.0.1:5407
1616411545658	mozrunner::runner	INFO	Running command: "C:\\Program Files\\Mozilla Firefox\\firefox.exe" "--marionette" "--headless" "-foreground" "-no-remote" "-profile" "C:\\Users\\vigne\\AppData\\Local\\Temp\\rust_mozprofiledumM0d"
*** You are running in headless mode.
console.warn: SearchSettings: "get: No settings file exists, new profile?" (new Error("", "(unknown module)"))
1616411549452	Marionette	INFO	Listening on port 5415
1616411549835	Marionette	WARN	TLS certificate errors will be ignored for this session
JavaScript warning: https://pagead2.googlesyndication.com/bg/qcWZRcRw4fq915xPB9DSJSeGn7Tspit4rZWzDhmsliY.js line 1 > eval line 3172 > eval, line 1: Failed to create WebGL context: WebGL creation failed: 
* Can't use WebGL in headless mode (https://bugzil.la/1375585).
JavaScript warning: https://pagead2.googlesyndication.com/bg/q-Ezh273PvC68AkqxY9CU3NkuwIwgTF06gKyS1kdSdY.js line 1 > eval line 7019 > eval, line 1: Failed to create WebGL context: WebGL creation failed: 
* Can't use WebGL in headless mode (https://bugzil.la/1375585).
1616411556960	Marionette	INFO	Stopped listening on port 5415
JavaScript error: resource://activity-stream/lib/ASRouter.jsm, line 988: NS_ERROR_ILLEGAL_VALUE: Component returned failure code: 0x80070057 (NS_ERROR_ILLEGAL_VALUE) [nsIObserverService.removeObserver]

###!!! [Child][RunMessage] Error: Channel closing: too late to send/recv, messages will be lost

JavaScript error: resource://gre/modules/Sqlite.jsm, line 1030: Error: Sqlite.jsm has been shutdown. Cannot open connection to: C:\Users\vigne\AppData\Local\Temp\rust_mozprofiledumM0d\protections.sqlite
1616411662779	geckodriver	INFO	Listening on 127.0.0.1:5543
1616411665801	mozrunner::runner	INFO	Running command: "C:\\Program Files\\Mozilla Firefox\\firefox.exe" "--marionette" "--headless" "-foreground" "-no-remote" "-profile" "C:\\Users\\vigne\\AppData\\Local\\Temp\\rust_mozprofilepcw8wS"
*** You are running in headless mode.
console.warn: SearchSettings: "get: No settings file exists, new profile?" (new Error("", "(unknown module)"))
1616411669416	Marionette	INFO	Listening on port 5551
1616411669474	Marionette	WARN	TLS certificate errors will be ignored for this session
JavaScript error: , line 0: NotFoundError: No such JSWindowActor 'MarionetteEvents'
JavaScript warning: https://pagead2.googlesyndication.com/bg/qcWZRcRw4fq915xPB9DSJSeGn7Tspit4rZWzDhmsliY.js line 1 > eval line 3982 > eval line 1 > eval, line 1: Failed to create WebGL context: WebGL creation failed: 
* Can't use WebGL in headless mode (https://bugzil.la/1375585).
JavaScript warning: https://pagead2.googlesyndication.com/bg/q-Ezh273PvC68AkqxY9CU3NkuwIwgTF06gKyS1kdSdY.js line 1 > eval line 2013 > eval, line 1: Failed to create WebGL context: WebGL creation failed: 
* Can't use WebGL in headless mode (https://bugzil.la/1375585).
JavaScript warning: https://pagead2.googlesyndication.com/bg/qcWZRcRw4fq915xPB9DSJSeGn7Tspit4rZWzDhmsliY.js line 1 > eval line 7528 > eval line 1 > eval, line 1: Failed to create WebGL context: WebGL creation failed: 
* Can't use WebGL in headless mode (https://bugzil.la/1375585).
JavaScript warning: https://pagead2.googlesyndication.com/bg/q-Ezh273PvC68AkqxY9CU3NkuwIwgTF06gKyS1kdSdY.js line 1 > eval line 5934 > eval line 1 > eval, line 1: Failed to create WebGL context: WebGL creation failed: 
* Can't use WebGL in headless mode (https://bugzil.la/1375585).
JavaScript warning: https://pagead2.googlesyndication.com/bg/q-Ezh273PvC68AkqxY9CU3NkuwIwgTF06gKyS1kdSdY.js line 1 > eval line 415 > eval, line 1: Failed to create WebGL context: WebGL creation failed: 
* Can't use WebGL in headless mode (https://bugzil.la/1375585).
JavaScript warning: https://pagead2.googlesyndication.com/bg/q-Ezh273PvC68AkqxY9CU3NkuwIwgTF06gKyS1kdSdY.js line 1 > eval line 308 > eval line 1 > eval, line 1: Failed to create WebGL context: WebGL creation failed: 
* Can't use WebGL in headless mode (https://bugzil.la/1375585).
JavaScript error: , line 0: NS_ERROR_NOT_AVAILABLE
JavaScript error: , line 0: NS_ERROR_NOT_AVAILABLE
console.log: WebExtensions: reset-default-search: No addons in our list are installed.
JavaScript error: , line 0: NS_ERROR_NOT_AVAILABLE
JavaScript error: , line 0: NS_ERROR_NOT_AVAILABLE
JavaScript error: , line 0: NS_ERROR_NOT_AVAILABLE
Exiting due to channel error.
xY9CU3NkuwIwgTF06gKyS1kdSdY.js line 1 > eval line 1122 > eval line 1 > eval, line 1: Failed to create WebGL context: WebGL creation failed: 
* Can't use WebGL in headless mode (https://bugzil.la/1375585).
1616411810238	Marionette	INFO	Stopped listening on port 5739
JavaScript error: resource://activity-stream/lib/ASRouter.jsm, line 988: NS_ERROR_ILLEGAL_VALUE: Component returned failure code: 0x80070057 (NS_ERROR_ILLEGAL_VALUE) [nsIObserverService.removeObserver]
JavaScript error: resource://gre/modules/Sqlite.jsm, line 1030: Error: Sqlite.jsm has been shutdown. Cannot open connection to: C:\Users\vigne\AppData\Local\Temp\rust_mozprofilenEkRqU\protections.sqlite
1616411883159	geckodriver	INFO	Listening on 127.0.0.1:5842
1616411886195	mozrunner::runner	INFO	Running command: "C:\\Program Files\\Mozilla Firefox\\firefox.exe" "--marionette" "--headless" "-foreground" "-no-remote" "-profile" "C:\\Users\\vigne\\AppData\\Local\\Temp\\rust_mozprofileUr8KUg"
*** You are running in headless mode.
console.warn: SearchSettings: "get: No settings file exists, new profile?" (new Error("", "(unknown module)"))
1616411889967	Marionette	INFO	Listening on port 5850
1616411890363	Marionette	WARN	TLS certificate errors will be ignored for this session
1616411916739	Marionette	INFO	Stopped listening on port 5850

###!!! [Child][RunMessage] Error: Channel closing: too late to send/recv, messages will be lost

1616411951598	geckodriver	INFO	Listening on 127.0.0.1:5936
1616411954641	mozrunner::runner	INFO	Running command: "C:\\Program Files\\Mozilla Firefox\\firefox.exe" "--marionette" "--headless" "-foreground" "-no-remote" "-profile" "C:\\Users\\vigne\\AppData\\Local\\Temp\\rust_mozprofile6lfMyI"
*** You are running in headless mode.
console.warn: SearchSettings: "get: No settings file exists, new profile?" (new Error("", "(unknown module)"))
1616411958157	Marionette	INFO	Listening on port 5945
1616411958332	Marionette	WARN	TLS certificate errors will be ignored for this session
1616411963450	Marionette	INFO	Stopped listening on port 5945
JavaScript error: resource://activity-stream/lib/ASRouter.jsm, line 988: NS_ERROR_ILLEGAL_VALUE: Component returned failure code: 0x80070057 (NS_ERROR_ILLEGAL_VALUE) [nsIObserverService.removeObserver]
1616412018384	geckodriver	INFO	Listening on 127.0.0.1:6009
1616412021407	mozrunner::runner	INFO	Running command: "C:\\Program Files\\Mozilla Firefox\\firefox.exe" "--marionette" "--headless" "-foreground" "-no-remote" "-profile" "C:\\Users\\vigne\\AppData\\Local\\Temp\\rust_mozprofiletismZc"
*** You are running in headless mode.
console.warn: SearchSettings: "get: No settings file exists, new profile?" (new Error("", "(unknown module)"))
1616412025110	Marionette	INFO	Listening on port 6017
1616412025603	Marionette	WARN	TLS certificate errors will be ignored for this session
JavaScript warning: https://pagead2.googlesyndication.com/bg/q-Ezh273PvC68AkqxY9CU3NkuwIwgTF06gKyS1kdSdY.js line 1 > eval line 4669 > eval, line 1: Failed to create WebGL context: WebGL creation failed: 
* Can't use WebGL in headless mode (https://bugzil.la/1375585).
JavaScript warning: https://pagead2.googlesyndication.com/bg/qcWZRcRw4fq915xPB9DSJSeGn7Tspit4rZWzDhmsliY.js line 1 > eval line 5695 > eval, line 1: Failed to create WebGL context: WebGL creation failed: 
* Can't use WebGL in headless mode (https://bugzil.la/1375585).
JavaScript warning: https://pagead2.googlesyndication.com/bg/qcWZRcRw4fq915xPB9DSJSeGn7Tspit4rZWzDhmsliY.js line 1 > eval line 2838 > eval, line 1: Failed to create WebGL context: WebGL creation failed: 
* Can't use WebGL in headless mode (https://bugzil.la/1375585).
JavaScript error: , line 0: NS_ERROR_NOT_AVAILABLE
JavaScript error: , line 0: NS_ERROR_NOT_AVAILABLE
console.log: WebExtensions: reset-default-search: No addons in our list are installed.
JavaScript error: , line 0: NS_ERROR_NOT_AVAILABLE
JavaScript error: , line 0: NS_ERROR_NOT_AVAILABLE
JavaScript error: , line 0: NS_ERROR_NOT_AVAILABLE
Exiting due to channel error.
YTx"
console.warn: SearchSettings: "get: No settings file exists, new profile?" (new Error("", "(unknown module)"))
1616569237655	Marionette	INFO	Listening on port 8186
1616569238200	Marionette	WARN	TLS certificate errors will be ignored for this session
console.error: Region.jsm: "Error fetching region" (new Error("TIMEOUT", "resource://gre/modules/Region.jsm", 775))
console.error: Region.jsm: "Failed to fetch region" (new Error("TIMEOUT", "resource://gre/modules/Region.jsm", 422))
JavaScript error: resource://activity-stream/lib/ASRouter.jsm, line 988: NS_ERROR_ILLEGAL_VALUE: Component returned failure code: 0x80070057 (NS_ERROR_ILLEGAL_VALUE) [nsIObserverService.removeObserver]

###!!! [Child][RunMessage] Error: Channel closing: too late to send/recv, messages will be lost

1616569306862	Marionette	INFO	Stopped listening on port 8186

###!!! [Child][RunMessage] Error: Channel closing: too late to send/recv, messages will be lost

1616576288676	geckodriver	INFO	Listening on 127.0.0.1:11175
1616576291691	mozrunner::runner	INFO	Running command: "C:\\Program Files\\Mozilla Firefox\\firefox.exe" "--marionette" "-foreground" "-no-remote" "-profile" "C:\\Users\\vigne\\AppData\\Local\\Temp\\rust_mozprofileHAo8Jv"
console.warn: SearchSettings: "get: No settings file exists, new profile?" (new Error("", "(unknown module)"))
1616576295956	Marionette	INFO	Listening on port 11184
1616576296002	Marionette	WARN	TLS certificate errors will be ignored for this session
1616576307487	Marionette	INFO	Stopped listening on port 11184
JavaScript error: resource://gre/modules/UrlClassifierListManager.jsm, line 691: TypeError: this.tablesData[table] is undefined

###!!! [Child][RunMessage] Error: Channel closing: too late to send/recv, messages will be lost

