1615459347674	geckodriver	INFO	Listening on 127.0.0.1:9029
1615459350710	mozrunner::runner	INFO	Running command: "C:\\Program Files\\Mozilla Firefox\\firefox.exe" "--marionette" "-foreground" "-no-remote" "-profile" "C:\\Users\\vigne\\AppData\\Local\\Temp\\rust_mozprofilegdO4XX"
console.warn: SearchSettings: "get: No settings file exists, new profile?" (new Error("", "(unknown module)"))
1615459356987	Marionette	INFO	Listening on port 9037
1615459357082	Marionette	WARN	TLS certificate errors will be ignored for this session
JavaScript error: resource://activity-stream/lib/ASRouter.jsm, line 988: NS_ERROR_ILLEGAL_VALUE: Component returned failure code: 0x80070057 (NS_ERROR_ILLEGAL_VALUE) [nsIObserverService.removeObserver]
[Parent 9536, IPC I/O Parent] WARNING: file /builds/worker/checkouts/gecko/ipc/chromium/src/base/process_util_win.cc:167
1615459367001	Marionette	INFO	Stopped listening on port 9037

###!!! [Child][RunMessage] Error: Channel closing: too late to send/recv, messages will be lost

1615459484593	geckodriver	INFO	Listening on 127.0.0.1:9136
1615459487633	mozrunner::runner	INFO	Running command: "C:\\Program Files\\Mozilla Firefox\\firefox.exe" "--marionette" "-foreground" "-no-remote" "-profile" "C:\\Users\\vigne\\AppData\\Local\\Temp\\rust_mozprofile5Gjh9K"
console.warn: SearchSettings: "get: No settings file exists, new profile?" (new Error("", "(unknown module)"))
1615459491680	Marionette	INFO	Listening on port 9144
1615459491825	Marionette	WARN	TLS certificate errors will be ignored for this session
JavaScript error: resource://gre/modules/UrlClassifierListManager.jsm, line 691: TypeError: this.tablesData[table] is undefined
1615459500442	Marionette	INFO	Stopped listening on port 9144

###!!! [Child][RunMessage] Error: Channel closing: too late to send/recv, messages will be lost

1615914657596	geckodriver	INFO	Listening on 127.0.0.1:6697
1615914661440	mozrunner::runner	INFO	Running command: "C:\\Program Files\\Mozilla Firefox\\firefox.exe" "--marionette" "-foreground" "-no-remote" "-profile" "C:\\Users\\Vignesh\\AppData\\Local\\Temp\\rust_mozprofileUOdzAn"
console.warn: SearchSettings: "get: No settings file exists, new profile?" (new Error("", "(unknown module)"))
console.error: Region.jsm: "Error fetching region" (new Error("TIMEOUT", "resource://gre/modules/Region.jsm", 775))
console.error: Region.jsm: "Failed to fetch region" (new Error("TIMEOUT", "resource://gre/modules/Region.jsm", 422))
1615914674514	Marionette	INFO	Listening on port 6705
1615914674876	Marionette	WARN	TLS certificate errors will be ignored for this session
JavaScript error: resource://activity-stream/lib/ASRouter.jsm, line 988: NS_ERROR_ILLEGAL_VALUE: Component returned failure code: 0x80070057 (NS_ERROR_ILLEGAL_VALUE) [nsIObserverService.removeObserver]
JavaScript error: resource://gre/modules/UrlClassifierListManager.jsm, line 691: TypeError: this.tablesData[table] is undefined
1615914695727	Marionette	INFO	Stopped listening on port 6705

###!!! [Child][RunMessage] Error: Channel closing: too late to send/recv, messages will be lost

1615916028762	geckodriver	INFO	Listening on 127.0.0.1:7290
1615916032074	mozrunner::runner	INFO	Running command: "C:\\Program Files\\Mozilla Firefox\\firefox.exe" "--marionette" "-foreground" "-no-remote" "-profile" "C:\\Users\\Vignesh\\AppData\\Local\\Temp\\rust_mozprofile7wnrWu"
console.warn: SearchSettings: "get: No settings file exists, new profile?" (new Error("", "(unknown module)"))
1615916040774	Marionette	INFO	Listening on port 7298
1615916040939	Marionette	WARN	TLS certificate errors will be ignored for this session
1615916257530	Marionette	INFO	Stopped listening on port 7298

###!!! [Child][RunMessage] Error: Channel closing: too late to send/recv, messages will be lost

"--marionette" "-foreground" "-no-remote" "-profile" "C:\\Users\\Vignesh\\AppData\\Local\\Temp\\rust_mozprofile1G1Kzs"
console.warn: SearchSettings: "get: No settings file exists, new profile?" (new Error("", "(unknown module)"))
1615916104802	Marionette	INFO	Listening on port 7364
1615916105310	Marionette	WARN	TLS certificate errors will be ignored for this session
JavaScript error: resource://gre/modules/UrlClassifierListManager.jsm, line 691: TypeError: this.tablesData[table] is undefined
1615916114050	Marionette	INFO	Stopped listening on port 7364

###!!! [Child][RunMessage] Error: Channel closing: too late to send/recv, messages will be lost

1615916227122	geckodriver	INFO	Listening on 127.0.0.1:7421
1615916230106	mozrunner::runner	INFO	Running command: "C:\\Program Files\\Mozilla Firefox\\firefox.exe" "--marionette" "-foreground" "-no-remote" "-profile" "C:\\Users\\Vignesh\\AppData\\Local\\Temp\\rust_mozprofileUlv0sp"
console.warn: SearchSettings: "get: No settings file exists, new profile?" (new Error("", "(unknown module)"))
1615916242208	Marionette	INFO	Listening on port 7429
1615916243058	Marionette	WARN	TLS certificate errors will be ignored for this session
JavaScript error: resource://gre/modules/UrlClassifierListManager.jsm, line 691: TypeError: this.tablesData[table] is undefined
1615916266375	Marionette	INFO	Stopped listening on port 7429

###!!! [Child][RunMessage] Error: Channel closing: too late to send/recv, messages will be lost

1615916306867	geckodriver	INFO	Listening on 127.0.0.1:7517
1615916309914	mozrunner::runner	INFO	Running command: "C:\\Program Files\\Mozilla Firefox\\firefox.exe" "--marionette" "-foreground" "-no-remote" "-profile" "C:\\Users\\Vignesh\\AppData\\Local\\Temp\\rust_mozprofileTsY7NP"
console.warn: SearchSettings: "get: No settings file exists, new profile?" (new Error("", "(unknown module)"))
1615916317874	Marionette	INFO	Listening on port 7525
1615916318532	Marionette	WARN	TLS certificate errors will be ignored for this session
1615916324847	Marionette	INFO	Stopped listening on port 7525

###!!! [Child][RunMessage] Error: Channel closing: too late to send/recv, messages will be lost

1615916384363	geckodriver	INFO	Listening on 127.0.0.1:7580
1615916387598	mozrunner::runner	INFO	Running command: "C:\\Program Files\\Mozilla Firefox\\firefox.exe" "--marionette" "-foreground" "-no-remote" "-profile" "C:\\Users\\Vignesh\\AppData\\Local\\Temp\\rust_mozprofileQdcb3D"
console.warn: SearchSettings: "get: No settings file exists, new profile?" (new Error("", "(unknown module)"))
1615916396193	Marionette	INFO	Listening on port 7588
1615916396720	Marionette	WARN	TLS certificate errors will be ignored for this session
JavaScript error: resource://activity-stream/lib/ASRouter.jsm, line 988: NS_ERROR_ILLEGAL_VALUE: Component returned failure code: 0x80070057 (NS_ERROR_ILLEGAL_VALUE) [nsIObserverService.removeObserver]
1615916423042	Marionette	INFO	Stopped listening on port 7588

###!!! [Child][RunMessage] Error: Channel closing: too late to send/recv, messages will be lost

1615916445989	geckodriver	INFO	Listening on 127.0.0.1:7692
1615916449020	mozrunner::runner	INFO	Running command: "C:\\Program Files\\Mozilla Firefox\\firefox.exe" "--marionette" "-foreground" "-no-remote" "-profile" "C:\\Users\\Vignesh\\AppData\\Local\\Temp\\rust_mozprofileKfGlGU"
console.warn: SearchSettings: "get: No settings file exists, new profile?" (new Error("", "(unknown module)"))
1615916456714	Marionette	INFO	Listening on port 7700
1615916457131	Marionette	WARN	TLS certificate errors will be ignored for this session
1615916580129	Marionette	INFO	Stopped listening on port 7700

###!!! [Child][RunMessage] Error: Channel closing: too late to send/recv, messages will be lost

"--marionette" "-foreground" "-no-remote" "-profile" "C:\\Users\\Vignesh\\AppData\\Local\\Temp\\rust_mozprofilev7FV6g"
console.warn: SearchSettings: "get: No settings file exists, new profile?" (new Error("", "(unknown module)"))
1615916515660	Marionette	INFO	Listening on port 7804
1615916515919	Marionette	WARN	TLS certificate errors will be ignored for this session
1615916555152	Marionette	INFO	Stopped listening on port 7804

###!!! [Child][RunMessage] Error: Channel closing: too late to send/recv, messages will be lost

1615918545761	geckodriver	INFO	Listening on 127.0.0.1:8205
1615918548902	mozrunner::runner	INFO	Running command: "C:\\Program Files\\Mozilla Firefox\\firefox.exe" "--marionette" "-foreground" "-no-remote" "-profile" "C:\\Users\\Vignesh\\AppData\\Local\\Temp\\rust_mozprofileSylnhL"
console.warn: SearchSettings: "get: No settings file exists, new profile?" (new Error("", "(unknown module)"))
1615918565977	Marionette	INFO	Listening on port 8213
1615918566365	Marionette	WARN	TLS certificate errors will be ignored for this session
1615918630041	Marionette	INFO	Stopped listening on port 8213

###!!! [Child][RunMessage] Error: Channel closing: too late to send/recv, messages will be lost

1615919051083	geckodriver	INFO	Listening on 127.0.0.1:8344
1615919054412	mozrunner::runner	INFO	Running command: "C:\\Program Files\\Mozilla Firefox\\firefox.exe" "--marionette" "-foreground" "-no-remote" "-profile" "C:\\Users\\Vignesh\\AppData\\Local\\Temp\\rust_mozprofile4xApMM"
console.warn: SearchSettings: "get: No settings file exists, new profile?" (new Error("", "(unknown module)"))
1615919063390	Marionette	INFO	Listening on port 8352
1615919063529	Marionette	WARN	TLS certificate errors will be ignored for this session
1615919075983	Marionette	INFO	Stopped listening on port 8352

###!!! [Child][RunMessage] Error: Channel closing: too late to send/recv, messages will be lost

1615919088096	geckodriver	INFO	Listening on 127.0.0.1:8410
1615919091127	mozrunner::runner	INFO	Running command: "C:\\Program Files\\Mozilla Firefox\\firefox.exe" "--marionette" "-foreground" "-no-remote" "-profile" "C:\\Users\\Vignesh\\AppData\\Local\\Temp\\rust_mozprofileXOvvw6"
console.warn: SearchSettings: "get: No settings file exists, new profile?" (new Error("", "(unknown module)"))
1615919099635	Marionette	INFO	Listening on port 8418
1615919100077	Marionette	WARN	TLS certificate errors will be ignored for this session
1615919128168	Marionette	INFO	Stopped listening on port 8418

###!!! [Child][RunMessage] Error: Channel closing: too late to send/recv, messages will be lost

