1615202375278	geckodriver	INFO	Listening on 127.0.0.1:6126
1615202378353	mozrunner::runner	INFO	Running command: "C:\\Program Files\\Mozilla Firefox\\firefox.exe" "--marionette" "-foreground" "-no-remote" "-profile" "C:\\Users\\vigne\\AppData\\Local\\Temp\\rust_mozprofile4OHn8l"
console.warn: SearchSettings: "get: No settings file exists, new profile?" (new Error("", "(unknown module)"))
1615202383334	Marionette	INFO	Listening on port 6136
1615202383716	Marionette	WARN	TLS certificate errors will be ignored for this session
JavaScript error: resource://activity-stream/lib/ASRouter.jsm, line 988: NS_ERROR_ILLEGAL_VALUE: Component returned failure code: 0x80070057 (NS_ERROR_ILLEGAL_VALUE) [nsIObserverService.removeObserver]
1615202887713	Marionette	INFO	Stopped listening on port 6136

###!!! [Child][RunMessage] Error: Channel closing: too late to send/recv, messages will be lost

"", "(unknown module)"))
1615202721468	Marionette	INFO	Listening on port 6212
1615202721707	Marionette	WARN	TLS certificate errors will be ignored for this session
JavaScript error: resource://activity-stream/lib/ASRouter.jsm, line 988: NS_ERROR_ILLEGAL_VALUE: Component returned failure code: 0x80070057 (NS_ERROR_ILLEGAL_VALUE) [nsIObserverService.removeObserver]
1615202733184	Marionette	INFO	Stopped listening on port 6212

###!!! [Child][RunMessage] Error: Channel closing: too late to send/recv, messages will be lost

1615202886012	geckodriver	INFO	Listening on 127.0.0.1:6275
1615202889057	mozrunner::runner	INFO	Running command: "C:\\Program Files\\Mozilla Firefox\\firefox.exe" "--marionette" "-foreground" "-no-remote" "-profile" "C:\\Users\\vigne\\AppData\\Local\\Temp\\rust_mozprofile50w1Ef"
console.warn: SearchSettings: "get: No settings file exists, new profile?" (new Error("", "(unknown module)"))
1615202894262	Marionette	INFO	Listening on port 6283
1615202894428	Marionette	WARN	TLS certificate errors will be ignored for this session
1615202897704	Marionette	INFO	Stopped listening on port 6283
JavaScript error: resource://activity-stream/lib/ASRouter.jsm, line 988: NS_ERROR_ILLEGAL_VALUE: Component returned failure code: 0x80070057 (NS_ERROR_ILLEGAL_VALUE) [nsIObserverService.removeObserver]

###!!! [Child][RunMessage] Error: Channel closing: too late to send/recv, messages will be lost

1615203095268	geckodriver	INFO	Listening on 127.0.0.1:6328
1615203098375	mozrunner::runner	INFO	Running command: "C:\\Program Files\\Mozilla Firefox\\firefox.exe" "--marionette" "-foreground" "-no-remote" "-profile" "C:\\Users\\vigne\\AppData\\Local\\Temp\\rust_mozprofiley1eozo"
console.warn: SearchSettings: "get: No settings file exists, new profile?" (new Error("", "(unknown module)"))
1615203103423	Marionette	INFO	Listening on port 6336
1615203103690	Marionette	WARN	TLS certificate errors will be ignored for this session
1615203108284	Marionette	INFO	Stopped listening on port 6336
JavaScript error: resource://activity-stream/lib/ASRouter.jsm, line 988: NS_ERROR_ILLEGAL_VALUE: Component returned failure code: 0x80070057 (NS_ERROR_ILLEGAL_VALUE) [nsIObserverService.removeObserver]

###!!! [Child][RunMessage] Error: Channel closing: too late to send/recv, messages will be lost

1615207995229	geckodriver	INFO	Listening on 127.0.0.1:6539
1615207998260	mozrunner::runner	INFO	Running command: "C:\\Program Files\\Mozilla Firefox\\firefox.exe" "--marionette" "-foreground" "-no-remote" "-profile" "C:\\Users\\vigne\\AppData\\Local\\Temp\\rust_mozprofilelF7kMO"
console.warn: SearchSettings: "get: No settings file exists, new profile?" (new Error("", "(unknown module)"))
1615208002601	Marionette	INFO	Listening on port 6549
1615208003105	Marionette	WARN	TLS certificate errors will be ignored for this session
1615208007129	Marionette	INFO	Stopped listening on port 6549
JavaScript error: resource://activity-stream/lib/ASRouter.jsm, line 988: NS_ERROR_ILLEGAL_VALUE: Component returned failure code: 0x80070057 (NS_ERROR_ILLEGAL_VALUE) [nsIObserverService.removeObserver]
[Parent 13008, IPC I/O Parent] WARNING: file /builds/worker/checkouts/gecko/ipc/chromium/src/base/process_util_win.cc:167

###!!! [Child][RunMessage] Error: Channel closing: too late to send/recv, messages will be lost

1615208038509	geckodriver	INFO	Listening on 127.0.0.1:6596
1615208041572	mozrunner::runner	INFO	Running command: "C:\\Program Files\\Mozilla Firefox\\firefox.exe" "--marionette" "-foreground" "-no-remote" "-profile" "C:\\Users\\vigne\\AppData\\Local\\Temp\\rust_mozprofilepNBtGa"
console.warn: SearchSettings: "get: No settings file exists, new profile?" (new Error("", "(unknown module)"))
1615208045812	Marionette	INFO	Listening on port 6604
1615208045903	Marionette	WARN	TLS certificate errors will be ignored for this session
1615208049264	Marionette	INFO	Stopped listening on port 6604
JavaScript error: resource://activity-stream/lib/ASRouter.jsm, line 988: NS_ERROR_ILLEGAL_VALUE: Component returned failure code: 0x80070057 (NS_ERROR_ILLEGAL_VALUE) [nsIObserverService.removeObserver]

###!!! [Child][RunMessage] Error: Channel closing: too late to send/recv, messages will be lost

1615222014965	geckodriver	INFO	Listening on 127.0.0.1:1172
1615222017970	mozrunner::runner	INFO	Running command: "C:\\Program Files\\Mozilla Firefox\\firefox.exe" "--marionette" "-foreground" "-no-remote" "-profile" "C:\\Users\\Vignesh\\AppData\\Local\\Temp\\rust_mozprofile5Ouckd"
console.warn: SearchSettings: "get: No settings file exists, new profile?" (new Error("", "(unknown module)"))
1615222025465	Marionette	INFO	Listening on port 1180
1615222025821	Marionette	WARN	TLS certificate errors will be ignored for this session
1615222050471	Marionette	INFO	Stopped listening on port 1180
JavaScript error: resource://activity-stream/lib/ASRouter.jsm, line 988: NS_ERROR_ILLEGAL_VALUE: Component returned failure code: 0x80070057 (NS_ERROR_ILLEGAL_VALUE) [nsIObserverService.removeObserver]

###!!! [Child][RunMessage] Error: Channel closing: too late to send/recv, messages will be lost

1615380221667	geckodriver	INFO	Listening on 127.0.0.1:6203
1615380224708	mozrunner::runner	INFO	Running command: "C:\\Program Files\\Mozilla Firefox\\firefox.exe" "--marionette" "-foreground" "-no-remote" "-profile" "C:\\Users\\vigne\\AppData\\Local\\Temp\\rust_mozprofileItsucf"
console.warn: SearchSettings: "get: No settings file exists, new profile?" (new Error("", "(unknown module)"))
1615380229908	Marionette	INFO	Listening on port 6211
1615380230026	Marionette	WARN	TLS certificate errors will be ignored for this session
1615380234050	Marionette	INFO	Stopped listening on port 6211
JavaScript error: resource://activity-stream/lib/ASRouter.jsm, line 988: NS_ERROR_ILLEGAL_VALUE: Component returned failure code: 0x80070057 (NS_ERROR_ILLEGAL_VALUE) [nsIObserverService.removeObserver]
[Parent 12080, IPC I/O Parent] WARNING: file /builds/worker/checkouts/gecko/ipc/chromium/src/base/process_util_win.cc:167

###!!! [Child][RunMessage] Error: Channel closing: too late to send/recv, messages will be lost

1615459932470	geckodriver	INFO	Listening on 127.0.0.1:9280
1615459935518	mozrunner::runner	INFO	Running command: "C:\\Program Files\\Mozilla Firefox\\firefox.exe" "--marionette" "-foreground" "-no-remote" "-profile" "C:\\Users\\vigne\\AppData\\Local\\Temp\\rust_mozprofile7JVhux"
console.warn: SearchSettings: "get: No settings file exists, new profile?" (new Error("", "(unknown module)"))
1615459940219	Marionette	INFO	Listening on port 9288
1615459940378	Marionette	WARN	TLS certificate errors will be ignored for this session
JavaScript error: resource://activity-stream/lib/ASRouter.j1615459963956	mozrunner::runner	INFO	Running command: "C:\\Program Files\\Mozilla Firefox\\firefox.exe" "--marionette" "-foreground" "-no-remote" "-profile" "C:\\Users\\vigne\\AppData\\Local\\Temp\\rust_mozprofileC5OCYh"
console.warn: SearchSettings: "get: No settings file exists, new profile?" (new Error("", "(unknown module)"))
1615459968920	Marionette	INFO	Listening on port 9343
1615459969310	Marionette	WARN	TLS certificate errors will be ignored for this session
1615459973113	Marionette	INFO	Stopped listening on port 9343
JavaScript error: resource://activity-stream/lib/ASRouter.jsm, line 988: NS_ERROR_ILLEGAL_VALUE: Component returned failure code: 0x80070057 (NS_ERROR_ILLEGAL_VALUE) [nsIObserverService.removeObserver]
[Parent 12208, IPC I/O Parent] WARNING: file /builds/worker/checkouts/gecko/ipc/chromium/src/base/process_util_win.cc:167

###!!! [Child][RunMessage] Error: Channel closing: too late to send/recv, messages will be lost

1615460015356	geckodriver	INFO	Listening on 127.0.0.1:9392
1615460018372	mozrunner::runner	INFO	Running command: "C:\\Program Files\\Mozilla Firefox\\firefox.exe" "--marionette" "-foreground" "-no-remote" "-profile" "C:\\Users\\vigne\\AppData\\Local\\Temp\\rust_mozprofileiQH7xm"
console.warn: SearchSettings: "get: No settings file exists, new profile?" (new Error("", "(unknown module)"))
1615460022868	Marionette	INFO	Listening on port 9400
1615460023626	Marionette	WARN	TLS certificate errors will be ignored for this session
1615460026885	Marionette	INFO	Stopped listening on port 9400
JavaScript error: resource://activity-stream/lib/ASRouter.jsm, line 988: NS_ERROR_ILLEGAL_VALUE: Component returned failure code: 0x80070057 (NS_ERROR_ILLEGAL_VALUE) [nsIObserverService.removeObserver]

###!!! [Child][RunMessage] Error: Channel closing: too late to send/recv, messages will be lost

1615460340592	geckodriver	INFO	Listening on 127.0.0.1:9483
1615460343633	mozrunner::runner	INFO	Running command: "C:\\Program Files\\Mozilla Firefox\\firefox.exe" "--marionette" "-foreground" "-no-remote" "-profile" "C:\\Users\\vigne\\AppData\\Local\\Temp\\rust_mozprofilehHvpXg"
console.warn: SearchSettings: "get: No settings file exists, new profile?" (new Error("", "(unknown module)"))
1615460348284	Marionette	INFO	Listening on port 9491
1615460348465	Marionette	WARN	TLS certificate errors will be ignored for this session
1615460351885	Marionette	INFO	Stopped listening on port 9491
JavaScript error: resource://activity-stream/lib/ASRouter.jsm, line 988: NS_ERROR_ILLEGAL_VALUE: Component returned failure code: 0x80070057 (NS_ERROR_ILLEGAL_VALUE) [nsIObserverService.removeObserver]
[Parent 6112, IPC I/O Parent] WARNING: file /builds/worker/checkouts/gecko/ipc/chromium/src/base/process_util_win.cc:167

###!!! [Child][RunMessage] Error: Channel closing: too late to send/recv, messages will be lost

1615461814615	geckodriver	INFO	Listening on 127.0.0.1:9762
1615461817657	mozrunner::runner	INFO	Running command: "C:\\Program Files\\Mozilla Firefox\\firefox.exe" "--marionette" "-foreground" "-no-remote" "-profile" "C:\\Users\\vigne\\AppData\\Local\\Temp\\rust_mozprofileRGPBhg"
console.warn: SearchSettings: "get: No settings file exists, new profile?" (new Error("", "(unknown module)"))
1615461822110	Marionette	INFO	Listening on port 9770
1615461822478	Marionette	WARN	TLS certificate errors will be ignored for this session
1615461827114	Marionette	INFO	Stopped listening on port 9770
JavaScript error: resource://activity-stream/lib/ASRouter.jsm, line 988: NS_ERROR_ILLEGAL_VALUE: Component returned failure code: 0x80070057 (NS_ERROR_ILLEGAL_VALUE) [nsIObserverService.removeObserver]
[Parent 13352, IPC I/O Parent] WARNING: file /builds/worker/checkouts/gecko/ipc/chromium/src/base/process_util_win.cc:167

###!!! [Child][RunMessage] Error: Channel closing: too late to send/recv, messages will be lost

1615461982525	geckodriver	INFO	Listening on 127.0.0.1:9838
1615461985553	mozrunner::runner	INFO	Running command: "C:\\Program Files\\Mozilla Firefox\\firefox.exe" "--marionette" "-foreground" "-no-remote" "-profile" "C:\\Users\\vigne\\AppData\\Local\\Temp\\rust_mozprofilerAkGa6"
console.warn: SearchSettings: "get: No settings file exists, new profile?" (new Error("", "(unknown module)"))
1615461989952	Marionette	INFO	Listening on port 9846
1615461990373	Marionette	WARN	TLS certificate errors will be ignored for this session
1615461993777	Marionette	INFO	Stopped listening on port 9846
JavaScript error: resource://activity-stream/lib/ASRouter.jsm, line 988: NS_ERROR_ILLEGAL_VALUE: Component returned failure code: 0x80070057 (NS_ERROR_ILLEGAL_VALUE) [nsIObserverService.removeObserver]
[Parent 9956, IPC I/O Parent] WARNING: file /builds/worker/checkouts/gecko/ipc/chromium/src/base/process_util_win.cc:167

###!!! [Child][RunMessage] Error: Channel closing: too late to send/recv, messages will be lost

1615467348481	geckodriver	INFO	Listening on 127.0.0.1:10160
1615467351492	mozrunner::runner	INFO	Running command: "C:\\Program Files\\Mozilla Firefox\\firefox.exe" "--marionette" "-foreground" "-no-remote" "-profile" "C:\\Users\\vigne\\AppData\\Local\\Temp\\rust_mozprofilevA53en"
console.warn: SearchSettings: "get: No settings file exists, new profile?" (new Error("", "(unknown module)"))
1615467355691	Marionette	INFO	Listening on port 10169
1615467355766	Marionette	WARN	TLS certificate errors will be ignored for this session
1615467359067	Marionette	INFO	Stopped listening on port 10169
JavaScript error: resource://activity-stream/lib/ASRouter.jsm, line 988: NS_ERROR_ILLEGAL_VALUE: Component returned failure code: 0x80070057 (NS_ERROR_ILLEGAL_VALUE) [nsIObserverService.removeObserver]
[Parent 8052, IPC I/O Parent] WARNING: file /builds/worker/checkouts/gecko/ipc/chromium/src/base/process_util_win.cc:167

###!!! [Child][RunMessage] Error: Channel closing: too late to send/recv, messages will be lost

1615467423464	geckodriver	INFO	Listening on 127.0.0.1:10223
1615467426508	mozrunner::runner	INFO	Running command: "C:\\Program Files\\Mozilla Firefox\\firefox.exe" "--marionette" "-foreground" "-no-remote" "-profile" "C:\\Users\\vigne\\AppData\\Local\\Temp\\rust_mozprofile2qyvWL"
console.warn: SearchSettings: "get: No settings file exists, new profile?" (new Error("", "(unknown module)"))
1615467430674	Marionette	INFO	Listening on port 10233
1615467430699	Marionette	WARN	TLS certificate errors will be ignored for this session
1615467436157	Marionette	INFO	Stopped listening on port 10233
JavaScript error: resource://activity-stream/lib/ASRouter.jsm, line 988: NS_ERROR_ILLEGAL_VALUE: Component returned failure code: 0x80070057 (NS_ERROR_ILLEGAL_VALUE) [nsIObserverService.removeObserver]
[Parent 4844, IPC I/O Parent] WARNING: file /builds/worker/checkouts/gecko/ipc/chromium/src/base/process_util_win.cc:167

###!!! [Child][RunMessage] Error: Channel closing: too late to send/recv, messages will be lost

1615484758221	geckodriver	INFO	Listening on 127.0.0.1:10446
1615484761284	mozrunner::runner	INFO	Running command: "C:\\Program Files\\Mozilla Firefox\\firefox.exe" "--marionette" "-foreground" "-no-remote" "-profile" "C:\\Users\\Vignesh\\AppData\\Local\\Temp\\rust_mozprofileqTENEU"
console.warn: SearchSettings: "get: No settings file exists, new profile?" (new Error("", "(unknown module)"))
1615484768469	Marionette	INFO	Listening on port 10454
1615484768620	Marionette	WARN	TLS certificate errors will be ignored for this session
1615484775255	Marionette	INFO	Stopped listening on port 10454
JavaScript error: resource://activity-stream/lib/ASRouter.jsm, line 988: NS_ERROR_ILLEGAL_VALUE: Component returned failure code: 0x80070057 (NS_ERROR_ILLEGAL_VALUE) [nsIObserverService.removeObserver]
[Child 3132, IPC I/O Child] WARNING: pipe error: 232: file /builds/worker/checkouts/gecko/ipc/chromium/src/chrome/common/ipc_channel_win.cc:545

###!!! [Child][RunMessage] Error: Channel closing: too late to send/recv, messages will be lost

1618058903104	geckodriver	INFO	Listening on 127.0.0.1:5436
1618058906131	mozrunner::runner	INFO	Running command: "C:\\Program Files\\Mozilla Firefox\\firefox.exe" "--marionette" "-foreground" "-no-remote" "-profile" "C:\\Users\\vigne\\AppData\\Local\\Temp\\rust_mozprofilehgqp5c"
console.warn: SearchSettings: "get: No settings file exists, new profile?" (new Error("", "(unknown module)"))
1618058910913	Marionette	INFO	Listening on port 5445
1618058911410	Marionette	WARN	TLS certificate errors will be ignored for this session
1618058915116	Marionette	INFO	Stopped listening on port 5445
JavaScript error: resource://gre/modules/UrlClassifierListManager.jsm, line 691: TypeError: this.tablesData[table] is undefined
[Parent 12500, IPC I/O Parent] WARNING: file /builds/worker/checkouts/gecko/ipc/chromium/src/base/process_util_win.cc:167

###!!! [Child][RunMessage] Error: Channel closing: too late to send/recv, messages will be lost

